[4.106s] Invoking command in '/home/kazim/construct_ws/src/localization_server': PYTHONPATH=/home/kazim/construct_ws/build/localization_server/prefix_override:/home/kazim/construct_ws/install/localization_server/lib/python3.10/site-packages:${PYTHONPATH} /usr/bin/python3 setup.py egg_info --egg-base ../../build/localization_server build --build-base /home/kazim/construct_ws/build/localization_server/build install --record /home/kazim/construct_ws/build/localization_server/install.log --single-version-externally-managed
[4.524s] running egg_info
[4.526s] writing ../../build/localization_server/localization_server.egg-info/PKG-INFO
[4.526s] writing dependency_links to ../../build/localization_server/localization_server.egg-info/dependency_links.txt
[4.527s] writing entry points to ../../build/localization_server/localization_server.egg-info/entry_points.txt
[4.527s] writing requirements to ../../build/localization_server/localization_server.egg-info/requires.txt
[4.527s] writing top-level names to ../../build/localization_server/localization_server.egg-info/top_level.txt
[4.534s] reading manifest file '../../build/localization_server/localization_server.egg-info/SOURCES.txt'
[4.536s] writing manifest file '../../build/localization_server/localization_server.egg-info/SOURCES.txt'
[4.536s] running build
[4.536s] running build_py
[4.537s] running install
[4.537s] running install_lib
[4.539s] running install_data
[4.541s] running install_egg_info
[4.542s] removing '/home/kazim/construct_ws/install/localization_server/lib/python3.10/site-packages/localization_server-0.0.0-py3.10.egg-info' (and everything under it)
[4.543s] Copying ../../build/localization_server/localization_server.egg-info to /home/kazim/construct_ws/install/localization_server/lib/python3.10/site-packages/localization_server-0.0.0-py3.10.egg-info
[4.543s] running install_scripts
[4.576s] Installing initial_pose_pub script to /home/kazim/construct_ws/install/localization_server/lib/localization_server
[4.577s] writing list of installed files to '/home/kazim/construct_ws/build/localization_server/install.log'
[4.784s] Invoked command in '/home/kazim/construct_ws/src/localization_server' returned '0': PYTHONPATH=/home/kazim/construct_ws/build/localization_server/prefix_override:/home/kazim/construct_ws/install/localization_server/lib/python3.10/site-packages:${PYTHONPATH} /usr/bin/python3 setup.py egg_info --egg-base ../../build/localization_server build --build-base /home/kazim/construct_ws/build/localization_server/build install --record /home/kazim/construct_ws/build/localization_server/install.log --single-version-externally-managed
