[  1%] Built target nav2_controller_cancel_bt_node
[  2%] Built target nav2_compute_path_through_poses_action_bt_node
[  4%] Built target nav2_spin_cancel_bt_node
[  4%] Built target nav2_behavior_tree
[  5%] Built target nav2_compute_path_to_pose_action_bt_node
[  6%] Built target nav2_drive_on_heading_cancel_bt_node
[  7%] Built target nav2_smooth_path_action_bt_node
[  8%] Built target nav2_back_up_cancel_bt_node
[  9%] Built target nav2_wait_cancel_bt_node
[ 10%] Built target nav2_assisted_teleop_cancel_bt_node
[ 11%] Built target nav2_back_up_action_bt_node
[ 12%] Built target nav2_follow_path_action_bt_node
[ 14%] Built target nav2_drive_on_heading_bt_node
[ 14%] Built target nav2_spin_action_bt_node
[ 15%] Built target nav2_wait_action_bt_node
[ 16%] Built target nav2_assisted_teleop_action_bt_node
[ 17%] [32mBuilding CXX object CMakeFiles/nav2_is_stuck_condition_bt_node.dir/plugins/condition/is_stuck_condition.cpp.o[0m
[ 18%] [32mBuilding CXX object CMakeFiles/nav2_is_battery_low_condition_bt_node.dir/plugins/condition/is_battery_low_condition.cpp.o[0m
[ 19%] [32mBuilding CXX object CMakeFiles/nav2_is_battery_charging_condition_bt_node.dir/plugins/condition/is_battery_charging_condition.cpp.o[0m
[ 20%] Built target nav2_goal_updated_condition_bt_node
[ 21%] Built target nav2_clear_costmap_service_bt_node
[ 22%] Built target nav2_transform_available_condition_bt_node
[ 24%] Built target nav2_time_expired_condition_bt_node
[ 24%] Built target nav2_is_path_valid_condition_bt_node
[ 25%] Built target nav2_path_expiring_timer_condition
[ 26%] Built target nav2_rate_controller_bt_node
[ 28%] Built target nav2_globally_updated_goal_condition_bt_node
[ 28%] Built target nav2_goal_reached_condition_bt_node
[ 29%] Built target nav2_distance_traveled_condition_bt_node
[ 30%] Built target nav2_initial_pose_received_condition_bt_node
[ 31%] Built target nav2_distance_controller_bt_node
[ 32%] Built target nav2_reinitialize_global_localization_service_bt_node
[ 33%] [32mBuilding CXX object CMakeFiles/nav2_truncate_path_action_bt_node.dir/plugins/action/truncate_path_action.cpp.o[0m
[ 34%] [32mBuilding CXX object CMakeFiles/nav2_path_longer_on_approach_bt_node.dir/plugins/decorator/path_longer_on_approach.cpp.o[0m
[ 35%] [32mBuilding CXX object CMakeFiles/nav2_goal_updater_node_bt_node.dir/plugins/decorator/goal_updater_node.cpp.o[0m
[ 37%] [32mBuilding CXX object CMakeFiles/nav2_truncate_path_local_action_bt_node.dir/plugins/action/truncate_path_local_action.cpp.o[0m
[ 36%] [32mBuilding CXX object CMakeFiles/nav2_navigate_to_pose_action_bt_node.dir/plugins/action/navigate_to_pose_action.cpp.o[0m
[ 38%] Built target nav2_recovery_node_bt_node
[ 39%] [32mBuilding CXX object CMakeFiles/nav2_remove_passed_goals_action_bt_node.dir/plugins/action/remove_passed_goals_action.cpp.o[0m
[ 40%] Built target nav2_pipeline_sequence_bt_node
[ 41%] [32mBuilding CXX object CMakeFiles/nav2_planner_selector_bt_node.dir/plugins/action/planner_selector_node.cpp.o[0m
[ 42%] Built target nav2_round_robin_node_bt_node
[ 43%] [32mBuilding CXX object CMakeFiles/nav2_navigate_through_poses_action_bt_node.dir/plugins/action/navigate_through_poses_action.cpp.o[0m
[ 44%] Built target nav2_single_trigger_bt_node
[ 45%] Built target nav2_speed_controller_bt_node
[ 46%] [32mBuilding CXX object CMakeFiles/nav2_smoother_selector_bt_node.dir/plugins/action/smoother_selector_node.cpp.o[0m
[ 47%] [32mBuilding CXX object CMakeFiles/nav2_goal_checker_selector_bt_node.dir/plugins/action/goal_checker_selector_node.cpp.o[0m
[ 48%] [32mBuilding CXX object CMakeFiles/nav2_goal_updated_controller_bt_node.dir/plugins/decorator/goal_updated_controller.cpp.o[0m
[ 49%] [32mBuilding CXX object CMakeFiles/nav2_controller_selector_bt_node.dir/plugins/action/controller_selector_node.cpp.o[0m
[ 50%] Built target gtest_main
[ 50%] [32mBuilding CXX object gtest/CMakeFiles/gtest.dir/src/gtest-all.cc.o[0m
[ 50%] [32m[1mLinking CXX shared library libnav2_goal_updated_controller_bt_node.so[0m
[ 50%] Built target nav2_goal_updated_controller_bt_node
[ 50%] [32m[1mLinking CXX shared library libnav2_truncate_path_local_action_bt_node.so[0m
[ 50%] [32m[1mLinking CXX shared library libnav2_truncate_path_action_bt_node.so[0m
[ 50%] Built target nav2_truncate_path_local_action_bt_node
[ 50%] Built target nav2_truncate_path_action_bt_node
[ 50%] [32m[1mLinking CXX shared library libnav2_path_longer_on_approach_bt_node.so[0m
[ 50%] [32m[1mLinking CXX shared library libnav2_remove_passed_goals_action_bt_node.so[0m
[ 50%] Built target nav2_path_longer_on_approach_bt_node
[ 50%] Built target nav2_remove_passed_goals_action_bt_node
[ 50%] [32m[1mLinking CXX static library libgtest.a[0m
[ 50%] Built target gtest
[ 50%] [32mBuilding CXX object test/plugins/condition/CMakeFiles/test_condition_goal_reached.dir/test_goal_reached.cpp.o[0m
[ 50%] [32mBuilding CXX object test/plugins/condition/CMakeFiles/test_condition_path_expiring_timer.dir/test_path_expiring_timer.cpp.o[0m
[ 50%] [32mBuilding CXX object test/CMakeFiles/test_bt_conversions.dir/test_bt_conversions.cpp.o[0m
[ 50%] [32mBuilding CXX object test/plugins/condition/CMakeFiles/test_condition_time_expired.dir/test_time_expired.cpp.o[0m
[ 50%] [32mBuilding CXX object test/plugins/condition/CMakeFiles/test_condition_distance_traveled.dir/test_distance_traveled.cpp.o[0m
[ 50%] [32mBuilding CXX object test/plugins/condition/CMakeFiles/test_condition_goal_updated.dir/test_goal_updated.cpp.o[0m
[ 50%] [32m[1mLinking CXX shared library libnav2_navigate_to_pose_action_bt_node.so[0m
[ 50%] Built target nav2_navigate_to_pose_action_bt_node
[ 50%] [32mBuilding CXX object test/plugins/condition/CMakeFiles/test_condition_globally_updated_goal.dir/test_globally_updated_goal.cpp.o[0m
[ 50%] [32m[1mLinking CXX shared library libnav2_navigate_through_poses_action_bt_node.so[0m
[ 50%] [32m[1mLinking CXX shared library libnav2_smoother_selector_bt_node.so[0m
[ 50%] Built target nav2_navigate_through_poses_action_bt_node
[ 50%] [32mBuilding CXX object test/plugins/condition/CMakeFiles/test_condition_initial_pose_received.dir/test_initial_pose_received.cpp.o[0m
[ 50%] Built target nav2_smoother_selector_bt_node
[ 50%] [32mBuilding CXX object test/plugins/condition/CMakeFiles/test_condition_transform_available.dir/test_transform_available.cpp.o[0m
[ 51%] [32m[1mLinking CXX executable test_bt_conversions[0m
[ 51%] Built target test_bt_conversions
[ 51%] [32m[1mLinking CXX shared library libnav2_goal_checker_selector_bt_node.so[0m
[ 51%] [32m[1mLinking CXX shared library libnav2_controller_selector_bt_node.so[0m
[ 51%] Built target nav2_goal_checker_selector_bt_node
[ 51%] Built target nav2_controller_selector_bt_node
[ 51%] [32m[1mLinking CXX shared library libnav2_is_battery_low_condition_bt_node.so[0m
[ 51%] Built target nav2_is_battery_low_condition_bt_node
[ 51%] [32m[1mLinking CXX shared library libnav2_is_stuck_condition_bt_node.so[0m
[ 51%] Built target nav2_is_stuck_condition_bt_node
[ 51%] [32m[1mLinking CXX shared library libnav2_is_battery_charging_condition_bt_node.so[0m
[ 51%] [32m[1mLinking CXX shared library libnav2_goal_updater_node_bt_node.so[0m
[ 51%] Built target nav2_is_battery_charging_condition_bt_node
[ 51%] [32m[1mLinking CXX shared library libnav2_planner_selector_bt_node.so[0m
[ 52%] [32m[1mLinking CXX executable test_condition_globally_updated_goal[0m
[ 52%] Built target nav2_goal_updater_node_bt_node
[ 52%] Built target nav2_planner_selector_bt_node
[ 52%] Built target test_condition_globally_updated_goal
[ 53%] [32m[1mLinking CXX executable test_condition_time_expired[0m
[ 54%] Built target test_condition_time_expired
[ 54%] [32m[1mLinking CXX executable test_condition_goal_reached[0m
[ 55%] [32m[1mLinking CXX executable test_condition_path_expiring_timer[0m
[ 56%] [32m[1mLinking CXX executable test_condition_initial_pose_received[0m
[ 57%] [32m[1mLinking CXX executable test_condition_distance_traveled[0m
[ 57%] Built target test_condition_goal_reached
[ 57%] Built target test_condition_path_expiring_timer
[ 57%] Built target test_condition_distance_traveled
[ 57%] Built target test_condition_initial_pose_received
[ 58%] [32m[1mLinking CXX executable test_condition_goal_updated[0m
[ 58%] Built target test_condition_goal_updated
[ 59%] [32m[1mLinking CXX executable test_condition_transform_available[0m
[ 59%] Built target test_condition_transform_available
[ 59%] [32mBuilding CXX object test/plugins/action/CMakeFiles/test_action_wait_action.dir/test_wait_action.cpp.o[0m
[ 60%] [32m[1mLinking CXX executable test_action_wait_action[0m
[ 60%] Built target test_action_wait_action
[ 60%] [32mBuilding CXX object test/plugins/action/CMakeFiles/test_action_assisted_teleop_action.dir/test_assisted_teleop_action.cpp.o[0m
[ 61%] [32m[1mLinking CXX executable test_action_assisted_teleop_action[0m
[ 61%] Built target test_action_assisted_teleop_action
[ 61%] [32mBuilding CXX object test/plugins/action/CMakeFiles/test_action_controller_cancel_action.dir/test_controller_cancel_node.cpp.o[0m
[ 62%] [32m[1mLinking CXX executable test_action_controller_cancel_action[0m
[ 62%] Built target test_action_controller_cancel_action
[ 62%] [32mBuilding CXX object test/plugins/action/CMakeFiles/test_action_wait_cancel_action.dir/test_wait_cancel_node.cpp.o[0m
[ 63%] [32m[1mLinking CXX executable test_action_wait_cancel_action[0m
[ 63%] Built target test_action_wait_cancel_action
[ 63%] [32mBuilding CXX object test/plugins/action/CMakeFiles/test_action_spin_cancel_action.dir/test_spin_cancel_node.cpp.o[0m
[ 64%] [32m[1mLinking CXX executable test_action_spin_cancel_action[0m
[ 64%] Built target test_action_spin_cancel_action
[ 64%] [32mBuilding CXX object test/plugins/action/CMakeFiles/test_action_back_up_cancel_action.dir/test_back_up_cancel_node.cpp.o[0m
[ 65%] [32m[1mLinking CXX executable test_action_back_up_cancel_action[0m
[ 65%] Built target test_action_back_up_cancel_action
[ 65%] [32mBuilding CXX object test/plugins/action/CMakeFiles/test_action_assisted_teleop_cancel_action.dir/test_assisted_teleop_cancel_node.cpp.o[0m
[ 66%] [32m[1mLinking CXX executable test_action_assisted_teleop_cancel_action[0m
[ 66%] Built target test_action_assisted_teleop_cancel_action
[ 66%] [32mBuilding CXX object test/plugins/action/CMakeFiles/test_action_drive_on_heading_cancel_action.dir/test_drive_on_heading_cancel_node.cpp.o[0m
[ 66%] [32mBuilding CXX object test/plugins/action/CMakeFiles/test_action_drive_on_heading.dir/test_drive_on_heading_action.cpp.o[0m
[ 66%] [32mBuilding CXX object test/plugins/action/CMakeFiles/test_action_clear_costmap_service.dir/test_clear_costmap_service.cpp.o[0m
[ 66%] [32mBuilding CXX object test/plugins/action/CMakeFiles/test_action_back_up_action.dir/test_back_up_action.cpp.o[0m
[ 66%] [32mBuilding CXX object test/plugins/action/CMakeFiles/test_action_spin_action.dir/test_spin_action.cpp.o[0m
[ 66%] [32mBuilding CXX object test/plugins/action/CMakeFiles/test_bt_action_node.dir/test_bt_action_node.cpp.o[0m
[ 66%] [32mBuilding CXX object test/plugins/control/CMakeFiles/test_control_round_robin_node.dir/test_round_robin_node.cpp.o[0m
[ 66%] [32mBuilding CXX object test/plugins/control/CMakeFiles/test_control_pipeline_sequence.dir/test_pipeline_sequence.cpp.o[0m
[ 66%] [32mBuilding CXX object test/plugins/control/CMakeFiles/test_control_recovery_node.dir/test_recovery_node.cpp.o[0m
[ 66%] [32mBuilding CXX object test/plugins/decorator/CMakeFiles/test_decorator_path_longer_on_approach.dir/test_path_longer_on_approach.cpp.o[0m
[ 67%] [32m[1mLinking CXX executable test_action_drive_on_heading[0m
[ 68%] [32m[1mLinking CXX executable test_action_drive_on_heading_cancel_action[0m
[ 68%] Built target test_action_drive_on_heading
[ 68%] [32mBuilding CXX object test/plugins/decorator/CMakeFiles/test_goal_updated_controller.dir/test_goal_updated_controller.cpp.o[0m
[ 68%] [32mBuilding CXX object test/plugins/decorator/CMakeFiles/test_decorator_rate_controller.dir/test_rate_controller.cpp.o[0m
[ 68%] [32mBuilding CXX object test/plugins/decorator/CMakeFiles/test_single_trigger_node.dir/test_single_trigger_node.cpp.o[0m
[ 68%] [32mBuilding CXX object test/plugins/decorator/CMakeFiles/test_decorator_speed_controller.dir/test_speed_controller.cpp.o[0m
[ 68%] Built target test_action_drive_on_heading_cancel_action
[ 68%] [32mBuilding CXX object test/plugins/action/CMakeFiles/test_action_reinitialize_global_localization_service.dir/test_reinitialize_global_localization_service.cpp.o[0m
[ 68%] [32mBuilding CXX object test/plugins/action/CMakeFiles/test_action_compute_path_to_pose_action.dir/test_compute_path_to_pose_action.cpp.o[0m
[ 68%] [32mBuilding CXX object test/plugins/decorator/CMakeFiles/test_decorator_distance_controller.dir/test_distance_controller.cpp.o[0m
[ 68%] [32mBuilding CXX object test/plugins/condition/CMakeFiles/test_condition_is_path_valid.dir/test_is_path_valid.cpp.o[0m
[ 69%] [32m[1mLinking CXX executable test_action_clear_costmap_service[0m
[ 69%] Built target test_action_clear_costmap_service
[ 69%] [32mBuilding CXX object test/plugins/action/CMakeFiles/test_action_compute_path_through_poses_action.dir/test_compute_path_through_poses_action.cpp.o[0m
[ 70%] [32m[1mLinking CXX executable test_action_back_up_action[0m
[ 70%] Built target test_action_back_up_action
[ 70%] [32mBuilding CXX object test/plugins/action/CMakeFiles/test_action_smooth_path_action.dir/test_smooth_path_action.cpp.o[0m
[ 71%] [32m[1mLinking CXX executable test_action_spin_action[0m
[ 71%] Built target test_action_spin_action
[ 71%] [32mBuilding CXX object test/plugins/action/CMakeFiles/test_action_follow_path_action.dir/test_follow_path_action.cpp.o[0m
[ 72%] [32m[1mLinking CXX executable test_action_reinitialize_global_localization_service[0m
[ 72%] Built target test_action_reinitialize_global_localization_service
[ 72%] [32mBuilding CXX object test/plugins/action/CMakeFiles/test_action_navigate_to_pose_action.dir/test_navigate_to_pose_action.cpp.o[0m
[ 73%] [32m[1mLinking CXX executable test_decorator_path_longer_on_approach[0m
[ 74%] [32m[1mLinking CXX executable test_control_pipeline_sequence[0m
[ 75%] [32m[1mLinking CXX executable test_single_trigger_node[0m
[ 75%] Built target test_decorator_path_longer_on_approach
[ 76%] [32m[1mLinking CXX executable test_control_recovery_node[0m
[ 76%] [32mBuilding CXX object test/plugins/action/CMakeFiles/test_action_navigate_through_poses_action.dir/test_navigate_through_poses_action.cpp.o[0m
[ 77%] [32m[1mLinking CXX executable test_control_round_robin_node[0m
[ 77%] Built target test_control_pipeline_sequence
[ 77%] [32mBuilding CXX object test/plugins/action/CMakeFiles/test_truncate_path_action.dir/test_truncate_path_action.cpp.o[0m
[ 77%] Built target test_single_trigger_node
[ 77%] [32mBuilding CXX object test/plugins/action/CMakeFiles/test_truncate_path_local_action.dir/test_truncate_path_local_action.cpp.o[0m
[ 77%] Built target test_control_recovery_node
[ 77%] [32mBuilding CXX object test/plugins/action/CMakeFiles/test_remove_passed_goals_action.dir/test_remove_passed_goals_action.cpp.o[0m
[ 78%] [32m[1mLinking CXX executable test_decorator_rate_controller[0m
[ 78%] Built target test_control_round_robin_node
[ 78%] [32mBuilding CXX object test/plugins/action/CMakeFiles/test_planner_selector_node.dir/test_planner_selector_node.cpp.o[0m
[ 79%] [32m[1mLinking CXX executable test_bt_action_node[0m
[ 79%] Built target test_decorator_rate_controller
[ 79%] [32mBuilding CXX object test/plugins/action/CMakeFiles/test_controller_selector_node.dir/test_controller_selector_node.cpp.o[0m
[ 80%] [32m[1mLinking CXX executable test_goal_updated_controller[0m
[ 80%] Built target test_bt_action_node
[ 80%] [32mBuilding CXX object test/plugins/action/CMakeFiles/test_smoother_selector_node.dir/test_smoother_selector_node.cpp.o[0m
[ 80%] Built target test_goal_updated_controller
[ 80%] [32mBuilding CXX object test/plugins/action/CMakeFiles/test_goal_checker_selector_node.dir/test_goal_checker_selector_node.cpp.o[0m
[ 81%] [32m[1mLinking CXX executable test_decorator_distance_controller[0m
[ 82%] [32m[1mLinking CXX executable test_condition_is_path_valid[0m
[ 82%] Built target test_condition_is_path_valid
[ 82%] [32mBuilding CXX object test/plugins/condition/CMakeFiles/test_condition_is_stuck.dir/test_is_stuck.cpp.o[0m
[ 82%] Built target test_decorator_distance_controller
[ 82%] [32mBuilding CXX object test/plugins/condition/CMakeFiles/test_condition_is_battery_charging.dir/test_is_battery_charging.cpp.o[0m
[ 83%] [32m[1mLinking CXX executable test_decorator_speed_controller[0m
[ 83%] Built target test_decorator_speed_controller
[ 83%] [32mBuilding CXX object test/plugins/condition/CMakeFiles/test_condition_is_battery_low.dir/test_is_battery_low.cpp.o[0m
[ 84%] [32m[1mLinking CXX executable test_action_compute_path_to_pose_action[0m
[ 84%] Built target test_action_compute_path_to_pose_action
[ 84%] [32mBuilding CXX object test/plugins/decorator/CMakeFiles/test_goal_updater_node.dir/test_goal_updater_node.cpp.o[0m
[ 85%] [32m[1mLinking CXX executable test_action_compute_path_through_poses_action[0m
[ 85%] Built target test_action_compute_path_through_poses_action
[ 86%] [32m[1mLinking CXX executable test_action_smooth_path_action[0m
[ 86%] Built target test_action_smooth_path_action
[ 87%] [32m[1mLinking CXX executable test_action_follow_path_action[0m
[ 87%] Built target test_action_follow_path_action
[ 88%] [32m[1mLinking CXX executable test_action_navigate_through_poses_action[0m
[ 89%] [32m[1mLinking CXX executable test_truncate_path_action[0m
[ 89%] Built target test_action_navigate_through_poses_action
[ 89%] Built target test_truncate_path_action
[ 90%] [32m[1mLinking CXX executable test_action_navigate_to_pose_action[0m
[ 90%] Built target test_action_navigate_to_pose_action
[ 91%] [32m[1mLinking CXX executable test_remove_passed_goals_action[0m
[ 91%] Built target test_remove_passed_goals_action
[ 92%] [32m[1mLinking CXX executable test_planner_selector_node[0m
[ 92%] Built target test_planner_selector_node
[ 93%] [32m[1mLinking CXX executable test_controller_selector_node[0m
[ 93%] Built target test_controller_selector_node
[ 94%] [32m[1mLinking CXX executable test_smoother_selector_node[0m
[ 95%] [32m[1mLinking CXX executable test_goal_checker_selector_node[0m
[ 96%] [32m[1mLinking CXX executable test_condition_is_battery_charging[0m
[ 96%] Built target test_smoother_selector_node
[ 96%] Built target test_goal_checker_selector_node
[ 96%] Built target test_condition_is_battery_charging
[ 97%] [32m[1mLinking CXX executable test_truncate_path_local_action[0m
[ 98%] [32m[1mLinking CXX executable test_condition_is_battery_low[0m
[ 99%] [32m[1mLinking CXX executable test_condition_is_stuck[0m
[ 99%] Built target test_truncate_path_local_action
[ 99%] Built target test_condition_is_battery_low
[ 99%] Built target test_condition_is_stuck
[100%] [32m[1mLinking CXX executable test_goal_updater_node[0m
[100%] Built target test_goal_updater_node
