[3.403s] Invoking command in '/home/kazim/construct_ws/src/cartographer_slam': PYTHONPATH=/home/kazim/construct_ws/build/cartographer_slam/prefix_override:/home/kazim/construct_ws/install/cartographer_slam/lib/python3.10/site-packages:${PYTHONPATH} /usr/bin/python3 setup.py egg_info --egg-base ../../build/cartographer_slam build --build-base /home/kazim/construct_ws/build/cartographer_slam/build install --record /home/kazim/construct_ws/build/cartographer_slam/install.log --single-version-externally-managed
[3.659s] running egg_info
[3.659s] writing ../../build/cartographer_slam/cartographer_slam.egg-info/PKG-INFO
[3.659s] writing dependency_links to ../../build/cartographer_slam/cartographer_slam.egg-info/dependency_links.txt
[3.659s] writing entry points to ../../build/cartographer_slam/cartographer_slam.egg-info/entry_points.txt
[3.659s] writing requirements to ../../build/cartographer_slam/cartographer_slam.egg-info/requires.txt
[3.659s] writing top-level names to ../../build/cartographer_slam/cartographer_slam.egg-info/top_level.txt
[3.661s] reading manifest file '../../build/cartographer_slam/cartographer_slam.egg-info/SOURCES.txt'
[3.663s] writing manifest file '../../build/cartographer_slam/cartographer_slam.egg-info/SOURCES.txt'
[3.663s] running build
[3.663s] running build_py
[3.663s] running install
[3.664s] running install_lib
[3.664s] running install_data
[3.664s] running install_egg_info
[3.665s] removing '/home/kazim/construct_ws/install/cartographer_slam/lib/python3.10/site-packages/cartographer_slam-0.0.0-py3.10.egg-info' (and everything under it)
[3.666s] Copying ../../build/cartographer_slam/cartographer_slam.egg-info to /home/kazim/construct_ws/install/cartographer_slam/lib/python3.10/site-packages/cartographer_slam-0.0.0-py3.10.egg-info
[3.666s] running install_scripts
[3.682s] writing list of installed files to '/home/kazim/construct_ws/build/cartographer_slam/install.log'
[3.919s] Invoked command in '/home/kazim/construct_ws/src/cartographer_slam' returned '0': PYTHONPATH=/home/kazim/construct_ws/build/cartographer_slam/prefix_override:/home/kazim/construct_ws/install/cartographer_slam/lib/python3.10/site-packages:${PYTHONPATH} /usr/bin/python3 setup.py egg_info --egg-base ../../build/cartographer_slam build --build-base /home/kazim/construct_ws/build/cartographer_slam/build install --record /home/kazim/construct_ws/build/cartographer_slam/install.log --single-version-externally-managed
