[4.683s] Invoking command in '/home/kazim/construct_ws/src/cartographer_slam': PYTHONPATH=/home/kazim/construct_ws/build/cartographer_slam/prefix_override:/home/kazim/construct_ws/install/cartographer_slam/lib/python3.10/site-packages:${PYTHONPATH} /usr/bin/python3 setup.py egg_info --egg-base ../../build/cartographer_slam build --build-base /home/kazim/construct_ws/build/cartographer_slam/build install --record /home/kazim/construct_ws/build/cartographer_slam/install.log --single-version-externally-managed
[5.089s] running egg_info
[5.092s] writing ../../build/cartographer_slam/cartographer_slam.egg-info/PKG-INFO
[5.092s] writing dependency_links to ../../build/cartographer_slam/cartographer_slam.egg-info/dependency_links.txt
[5.092s] writing entry points to ../../build/cartographer_slam/cartographer_slam.egg-info/entry_points.txt
[5.092s] writing requirements to ../../build/cartographer_slam/cartographer_slam.egg-info/requires.txt
[5.092s] writing top-level names to ../../build/cartographer_slam/cartographer_slam.egg-info/top_level.txt
[5.097s] reading manifest file '../../build/cartographer_slam/cartographer_slam.egg-info/SOURCES.txt'
[5.098s] writing manifest file '../../build/cartographer_slam/cartographer_slam.egg-info/SOURCES.txt'
[5.098s] running build
[5.098s] running build_py
[5.099s] running install
[5.100s] running install_lib
[5.102s] running install_data
[5.104s] running install_egg_info
[5.107s] removing '/home/kazim/construct_ws/install/cartographer_slam/lib/python3.10/site-packages/cartographer_slam-0.0.0-py3.10.egg-info' (and everything under it)
[5.107s] Copying ../../build/cartographer_slam/cartographer_slam.egg-info to /home/kazim/construct_ws/install/cartographer_slam/lib/python3.10/site-packages/cartographer_slam-0.0.0-py3.10.egg-info
[5.108s] running install_scripts
[5.155s] writing list of installed files to '/home/kazim/construct_ws/build/cartographer_slam/install.log'
[5.603s] Invoked command in '/home/kazim/construct_ws/src/cartographer_slam' returned '0': PYTHONPATH=/home/kazim/construct_ws/build/cartographer_slam/prefix_override:/home/kazim/construct_ws/install/cartographer_slam/lib/python3.10/site-packages:${PYTHONPATH} /usr/bin/python3 setup.py egg_info --egg-base ../../build/cartographer_slam build --build-base /home/kazim/construct_ws/build/cartographer_slam/build install --record /home/kazim/construct_ws/build/cartographer_slam/install.log --single-version-externally-managed
