[2.517s] Invoking command in '/home/kazim/construct_ws/src/ros2_nav_files/nav2_project': PYTHONPATH=/home/kazim/construct_ws/build/nav2_project/prefix_override:/home/kazim/construct_ws/install/nav2_project/lib/python3.10/site-packages:${PYTHONPATH} /usr/bin/python3 setup.py egg_info --egg-base ../../../build/nav2_project build --build-base /home/kazim/construct_ws/build/nav2_project/build install --record /home/kazim/construct_ws/build/nav2_project/install.log --single-version-externally-managed
[2.776s] running egg_info
[2.777s] writing ../../../build/nav2_project/nav2_project.egg-info/PKG-INFO
[2.777s] writing dependency_links to ../../../build/nav2_project/nav2_project.egg-info/dependency_links.txt
[2.777s] writing entry points to ../../../build/nav2_project/nav2_project.egg-info/entry_points.txt
[2.777s] writing requirements to ../../../build/nav2_project/nav2_project.egg-info/requires.txt
[2.777s] writing top-level names to ../../../build/nav2_project/nav2_project.egg-info/top_level.txt
[2.778s] reading manifest file '../../../build/nav2_project/nav2_project.egg-info/SOURCES.txt'
[2.779s] writing manifest file '../../../build/nav2_project/nav2_project.egg-info/SOURCES.txt'
[2.779s] running build
[2.779s] running build_py
[2.779s] running install
[2.779s] running install_lib
[2.780s] running install_data
[2.780s] running install_egg_info
[2.782s] removing '/home/kazim/construct_ws/install/nav2_project/lib/python3.10/site-packages/nav2_project-0.0.0-py3.10.egg-info' (and everything under it)
[2.782s] Copying ../../../build/nav2_project/nav2_project.egg-info to /home/kazim/construct_ws/install/nav2_project/lib/python3.10/site-packages/nav2_project-0.0.0-py3.10.egg-info
[2.782s] running install_scripts
[2.800s] Installing go_to_pose script to /home/kazim/construct_ws/install/nav2_project/lib/nav2_project
[2.800s] Installing spot_recorder script to /home/kazim/construct_ws/install/nav2_project/lib/nav2_project
[2.800s] writing list of installed files to '/home/kazim/construct_ws/build/nav2_project/install.log'
[2.929s] Invoked command in '/home/kazim/construct_ws/src/ros2_nav_files/nav2_project' returned '0': PYTHONPATH=/home/kazim/construct_ws/build/nav2_project/prefix_override:/home/kazim/construct_ws/install/nav2_project/lib/python3.10/site-packages:${PYTHONPATH} /usr/bin/python3 setup.py egg_info --egg-base ../../../build/nav2_project build --build-base /home/kazim/construct_ws/build/nav2_project/build install --record /home/kazim/construct_ws/build/nav2_project/install.log --single-version-externally-managed
