[4.188s] Invoking command in '/home/kazim/construct_ws/src/ros2_nav_files/nav2_project': PYTHONPATH=/home/kazim/construct_ws/build/nav2_project/prefix_override:/home/kazim/construct_ws/install/nav2_project/lib/python3.10/site-packages:${PYTHONPATH} /usr/bin/python3 setup.py egg_info --egg-base ../../../build/nav2_project build --build-base /home/kazim/construct_ws/build/nav2_project/build install --record /home/kazim/construct_ws/build/nav2_project/install.log --single-version-externally-managed
[4.715s] running egg_info
[4.716s] creating ../../../build/nav2_project/nav2_project.egg-info
[4.717s] writing ../../../build/nav2_project/nav2_project.egg-info/PKG-INFO
[4.717s] writing dependency_links to ../../../build/nav2_project/nav2_project.egg-info/dependency_links.txt
[4.717s] writing entry points to ../../../build/nav2_project/nav2_project.egg-info/entry_points.txt
[4.718s] writing requirements to ../../../build/nav2_project/nav2_project.egg-info/requires.txt
[4.718s] writing top-level names to ../../../build/nav2_project/nav2_project.egg-info/top_level.txt
[4.719s] writing manifest file '../../../build/nav2_project/nav2_project.egg-info/SOURCES.txt'
[4.727s] reading manifest file '../../../build/nav2_project/nav2_project.egg-info/SOURCES.txt'
[4.728s] writing manifest file '../../../build/nav2_project/nav2_project.egg-info/SOURCES.txt'
[4.728s] running build
[4.728s] running build_py
[4.728s] creating /home/kazim/construct_ws/build/nav2_project/build
[4.728s] creating /home/kazim/construct_ws/build/nav2_project/build/lib
[4.728s] creating /home/kazim/construct_ws/build/nav2_project/build/lib/nav2_project
[4.729s] copying nav2_project/__init__.py -> /home/kazim/construct_ws/build/nav2_project/build/lib/nav2_project
[4.729s] copying nav2_project/spot_recorder.py -> /home/kazim/construct_ws/build/nav2_project/build/lib/nav2_project
[4.729s] copying nav2_project/go_to_pose.py -> /home/kazim/construct_ws/build/nav2_project/build/lib/nav2_project
[4.729s] running install
[4.730s] running install_lib
[4.732s] creating /home/kazim/construct_ws/install/nav2_project/lib/python3.10/site-packages/nav2_project
[4.732s] copying /home/kazim/construct_ws/build/nav2_project/build/lib/nav2_project/__init__.py -> /home/kazim/construct_ws/install/nav2_project/lib/python3.10/site-packages/nav2_project
[4.732s] copying /home/kazim/construct_ws/build/nav2_project/build/lib/nav2_project/spot_recorder.py -> /home/kazim/construct_ws/install/nav2_project/lib/python3.10/site-packages/nav2_project
[4.732s] copying /home/kazim/construct_ws/build/nav2_project/build/lib/nav2_project/go_to_pose.py -> /home/kazim/construct_ws/install/nav2_project/lib/python3.10/site-packages/nav2_project
[4.734s] byte-compiling /home/kazim/construct_ws/install/nav2_project/lib/python3.10/site-packages/nav2_project/__init__.py to __init__.cpython-310.pyc
[4.734s] byte-compiling /home/kazim/construct_ws/install/nav2_project/lib/python3.10/site-packages/nav2_project/spot_recorder.py to spot_recorder.cpython-310.pyc
[4.735s] byte-compiling /home/kazim/construct_ws/install/nav2_project/lib/python3.10/site-packages/nav2_project/go_to_pose.py to go_to_pose.cpython-310.pyc
[4.736s] running install_data
[4.737s] creating /home/kazim/construct_ws/install/nav2_project/share/ament_index
[4.738s] creating /home/kazim/construct_ws/install/nav2_project/share/ament_index/resource_index
[4.738s] creating /home/kazim/construct_ws/install/nav2_project/share/ament_index/resource_index/packages
[4.738s] copying resource/nav2_project -> /home/kazim/construct_ws/install/nav2_project/share/ament_index/resource_index/packages
[4.738s] copying package.xml -> /home/kazim/construct_ws/install/nav2_project/share/nav2_project
[4.738s] creating /home/kazim/construct_ws/install/nav2_project/share/nav2_project/launch
[4.738s] copying launch/cartographer.launch.py -> /home/kazim/construct_ws/install/nav2_project/share/nav2_project/launch
[4.738s] copying launch/project_navigation_with_tools_launch.py -> /home/kazim/construct_ws/install/nav2_project/share/nav2_project/launch
[4.739s] copying launch/project_map_server.launch.py -> /home/kazim/construct_ws/install/nav2_project/share/nav2_project/launch
[4.739s] copying launch/go_to_pose.launch.py -> /home/kazim/construct_ws/install/nav2_project/share/nav2_project/launch
[4.739s] copying launch/nav2_project.launch.py -> /home/kazim/construct_ws/install/nav2_project/share/nav2_project/launch
[4.740s] creating /home/kazim/construct_ws/install/nav2_project/share/nav2_project/config
[4.740s] copying config/nav2_project.yaml -> /home/kazim/construct_ws/install/nav2_project/share/nav2_project/config
[4.740s] copying config/project_params.yaml -> /home/kazim/construct_ws/install/nav2_project/share/nav2_project/config
[4.740s] copying config/spot-list.yaml -> /home/kazim/construct_ws/install/nav2_project/share/nav2_project/config
[4.740s] copying config/turtlebot3_house.yaml -> /home/kazim/construct_ws/install/nav2_project/share/nav2_project/config
[4.741s] copying config/turtlebot3_house.pgm -> /home/kazim/construct_ws/install/nav2_project/share/nav2_project/config
[4.742s] copying config/nav2_default_view.rviz -> /home/kazim/construct_ws/install/nav2_project/share/nav2_project/config
[4.743s] copying config/navigate_w_replanning_and_recovery.xml -> /home/kazim/construct_ws/install/nav2_project/share/nav2_project/config
[4.743s] copying config/cartographer.lua -> /home/kazim/construct_ws/install/nav2_project/share/nav2_project/config
[4.743s] running install_egg_info
[4.749s] Copying ../../../build/nav2_project/nav2_project.egg-info to /home/kazim/construct_ws/install/nav2_project/lib/python3.10/site-packages/nav2_project-0.0.0-py3.10.egg-info
[4.749s] running install_scripts
[4.791s] Installing go_to_pose script to /home/kazim/construct_ws/install/nav2_project/lib/nav2_project
[4.791s] Installing spot_recorder script to /home/kazim/construct_ws/install/nav2_project/lib/nav2_project
[4.792s] writing list of installed files to '/home/kazim/construct_ws/build/nav2_project/install.log'
[5.199s] Invoked command in '/home/kazim/construct_ws/src/ros2_nav_files/nav2_project' returned '0': PYTHONPATH=/home/kazim/construct_ws/build/nav2_project/prefix_override:/home/kazim/construct_ws/install/nav2_project/lib/python3.10/site-packages:${PYTHONPATH} /usr/bin/python3 setup.py egg_info --egg-base ../../../build/nav2_project build --build-base /home/kazim/construct_ws/build/nav2_project/build install --record /home/kazim/construct_ws/build/nav2_project/install.log --single-version-externally-managed
