[  1%] Built target nav2_compute_path_to_pose_action_bt_node
[  2%] Built target nav2_behavior_tree
[  3%] Built target nav2_compute_path_through_poses_action_bt_node
[  4%] Built target nav2_back_up_cancel_bt_node
[  5%] Built target nav2_spin_cancel_bt_node
[  6%] Built target nav2_controller_cancel_bt_node
[  7%] Built target nav2_assisted_teleop_cancel_bt_node
[  8%] Built target nav2_back_up_action_bt_node
[  9%] Built target nav2_smooth_path_action_bt_node
[ 10%] Built target nav2_wait_cancel_bt_node
[ 11%] Built target nav2_spin_action_bt_node
[ 12%] Built target nav2_assisted_teleop_action_bt_node
[ 13%] Built target nav2_drive_on_heading_cancel_bt_node
[ 14%] Built target nav2_drive_on_heading_bt_node
[ 15%] Built target nav2_follow_path_action_bt_node
[ 16%] Built target nav2_wait_action_bt_node
[ 17%] [32mBuilding CXX object CMakeFiles/nav2_is_stuck_condition_bt_node.dir/plugins/condition/is_stuck_condition.cpp.o[0m
[ 18%] [32mBuilding CXX object CMakeFiles/nav2_is_battery_charging_condition_bt_node.dir/plugins/condition/is_battery_charging_condition.cpp.o[0m
[ 19%] Built target nav2_clear_costmap_service_bt_node
[ 20%] [32mBuilding CXX object CMakeFiles/nav2_is_battery_low_condition_bt_node.dir/plugins/condition/is_battery_low_condition.cpp.o[0m
[ 21%] Built target nav2_globally_updated_goal_condition_bt_node
[ 22%] Built target nav2_goal_updated_condition_bt_node
[ 23%] Built target nav2_is_path_valid_condition_bt_node
[ 24%] Built target nav2_initial_pose_received_condition_bt_node
[ 25%] Built target nav2_goal_reached_condition_bt_node
[ 26%] Built target nav2_transform_available_condition_bt_node
[ 27%] Built target nav2_distance_traveled_condition_bt_node
[ 28%] Built target nav2_reinitialize_global_localization_service_bt_node
[ 29%] Built target nav2_time_expired_condition_bt_node
[ 30%] Built target nav2_rate_controller_bt_node
[ 31%] Built target nav2_path_expiring_timer_condition
[ 32%] Built target nav2_distance_controller_bt_node
[ 33%] [32mBuilding CXX object CMakeFiles/nav2_goal_updater_node_bt_node.dir/plugins/decorator/goal_updater_node.cpp.o[0m
[ 34%] [32mBuilding CXX object CMakeFiles/nav2_truncate_path_local_action_bt_node.dir/plugins/action/truncate_path_local_action.cpp.o[0m
[ 35%] [32mBuilding CXX object CMakeFiles/nav2_remove_passed_goals_action_bt_node.dir/plugins/action/remove_passed_goals_action.cpp.o[0m
[ 36%] [32mBuilding CXX object CMakeFiles/nav2_navigate_to_pose_action_bt_node.dir/plugins/action/navigate_to_pose_action.cpp.o[0m
[ 37%] [32mBuilding CXX object CMakeFiles/nav2_path_longer_on_approach_bt_node.dir/plugins/decorator/path_longer_on_approach.cpp.o[0m
[ 38%] [32mBuilding CXX object CMakeFiles/nav2_navigate_through_poses_action_bt_node.dir/plugins/action/navigate_through_poses_action.cpp.o[0m
[ 39%] [32mBuilding CXX object CMakeFiles/nav2_truncate_path_action_bt_node.dir/plugins/action/truncate_path_action.cpp.o[0m
[ 40%] [32mBuilding CXX object CMakeFiles/nav2_round_robin_node_bt_node.dir/plugins/control/round_robin_node.cpp.o[0m
[ 41%] Built target nav2_recovery_node_bt_node
[ 42%] [32mBuilding CXX object CMakeFiles/nav2_planner_selector_bt_node.dir/plugins/action/planner_selector_node.cpp.o[0m
[ 43%] Built target nav2_pipeline_sequence_bt_node
[ 44%] Built target nav2_speed_controller_bt_node
[ 45%] [32mBuilding CXX object CMakeFiles/nav2_single_trigger_bt_node.dir/plugins/decorator/single_trigger_node.cpp.o[0m
[ 46%] [32mBuilding CXX object CMakeFiles/nav2_controller_selector_bt_node.dir/plugins/action/controller_selector_node.cpp.o[0m
[ 47%] [32mBuilding CXX object CMakeFiles/nav2_smoother_selector_bt_node.dir/plugins/action/smoother_selector_node.cpp.o[0m
[ 48%] [32mBuilding CXX object CMakeFiles/nav2_goal_checker_selector_bt_node.dir/plugins/action/goal_checker_selector_node.cpp.o[0m
[ 48%] [32m[1mLinking CXX shared library libnav2_single_trigger_bt_node.so[0m
[ 48%] [32m[1mLinking CXX shared library libnav2_round_robin_node_bt_node.so[0m
[ 48%] Built target nav2_round_robin_node_bt_node
[ 48%] Built target nav2_single_trigger_bt_node
[ 49%] [32mBuilding CXX object gtest/CMakeFiles/gtest_main.dir/src/gtest_main.cc.o[0m
[ 50%] [32mBuilding CXX object CMakeFiles/nav2_goal_updated_controller_bt_node.dir/plugins/decorator/goal_updated_controller.cpp.o[0m
[ 50%] [32m[1mLinking CXX static library libgtest_main.a[0m
[ 50%] Built target gtest_main
[ 50%] [32mBuilding CXX object gtest/CMakeFiles/gtest.dir/src/gtest-all.cc.o[0m
[01m[Kc++:[m[K [01;31m[Kfatal error: [m[KKilled signal terminated program cc1plus
compilation terminated.
gmake[2]: *** [CMakeFiles/nav2_is_battery_low_condition_bt_node.dir/build.make:76: CMakeFiles/nav2_is_battery_low_condition_bt_node.dir/plugins/condition/is_battery_low_condition.cpp.o] Error 1
gmake[1]: *** [CMakeFiles/Makefile2:1158: CMakeFiles/nav2_is_battery_low_condition_bt_node.dir/all] Error 2
gmake[1]: *** Waiting for unfinished jobs....
