-- The C compiler identification is GNU 11.4.0
-- The CXX compiler identification is GNU 11.4.0
-- Detecting C compiler ABI info
-- Detecting C compiler ABI info - done
-- Check for working C compiler: /usr/bin/cc - skipped
-- Detecting C compile features
-- Detecting C compile features - done
-- Detecting CXX compiler ABI info
-- Detecting CXX compiler ABI info - done
-- Check for working CXX compiler: /usr/bin/c++ - skipped
-- Detecting CXX compile features
-- Detecting CXX compile features - done
-- Found ament_cmake: 1.3.5 (/opt/ros/humble/share/ament_cmake/cmake)
-- Found Python3: /usr/bin/python3.10 (found version "3.10.12") found components: Interpreter 
-- Found nav2_core: 1.1.12 (/home/kazim/construct_ws/install/nav2_core/share/nav2_core/cmake)
-- Found rosidl_generator_c: 3.1.5 (/opt/ros/humble/share/rosidl_generator_c/cmake)
-- Found rosidl_adapter: 3.1.5 (/opt/ros/humble/share/rosidl_adapter/cmake)
-- Found rosidl_generator_cpp: 3.1.5 (/opt/ros/humble/share/rosidl_generator_cpp/cmake)
-- Using all available rosidl_typesupport_c: rosidl_typesupport_fastrtps_c;rosidl_typesupport_introspection_c
-- Using all available rosidl_typesupport_cpp: rosidl_typesupport_fastrtps_cpp;rosidl_typesupport_introspection_cpp
-- Found rmw_implementation_cmake: 6.1.1 (/opt/ros/humble/share/rmw_implementation_cmake/cmake)
-- Found rmw_cyclonedds_cpp: 1.3.4 (/opt/ros/humble/share/rmw_cyclonedds_cpp/cmake)
-- Using RMW implementation 'rmw_cyclonedds_cpp' as default
-- Performing Test CMAKE_HAVE_LIBC_PTHREAD
-- Performing Test CMAKE_HAVE_LIBC_PTHREAD - Success
-- Found Threads: TRUE  
-- Found Eigen3: TRUE (found version "3.4.0") 
-- Ensuring Eigen3 include directory is part of orocos-kdl CMake target
-- Found nav2_common: 1.1.12 (/home/kazim/construct_ws/install/nav2_common/share/nav2_common/cmake)
-- Found nav_2d_utils: 1.1.12 (/home/kazim/construct_ws/install/nav_2d_utils/share/nav_2d_utils/cmake)
-- Setting build type to Release as none was specified.
-- Found ament_lint_auto: 0.12.8 (/opt/ros/humble/share/ament_lint_auto/cmake)
-- Found gtest sources under '/opt/ros/humble/src/gtest_vendor': C++ tests using 'Google Test' will be built
-- Found gtest sources under '/opt/ros/humble/src/gtest_vendor': C++ tests using 'Google Test' will be built
-- Added test 'cppcheck' to perform static code analysis on C / C++ code
-- Configured cppcheck include dirs: /home/kazim/construct_ws/src/navigation2/nav2_controller/include
-- Configured cppcheck exclude dirs and/or files: 
-- Added test 'cpplint' to check C / C++ code against the Google style
-- Configured cpplint exclude dirs and/or files: 
-- Added test 'lint_cmake' to check CMake code style
-- Added test 'uncrustify' to check C / C++ code style
-- Configured uncrustify additional arguments: 
-- Added test 'xmllint' to check XML markup files
-- Configuring done (80.2s)
-- Generating done (0.6s)
-- Build files have been written to: /home/kazim/construct_ws/build/nav2_controller
[  4%] [32mBuilding CXX object CMakeFiles/controller_server_core.dir/src/controller_server.cpp.o[0m
[  9%] [32m[1mLinking CXX shared library libcontroller_server_core.so[0m
[  9%] Built target controller_server_core
[ 13%] [32mBuilding CXX object gtest/CMakeFiles/gtest.dir/src/gtest-all.cc.o[0m
[ 18%] [32mBuilding CXX object gtest/CMakeFiles/gtest_main.dir/src/gtest_main.cc.o[0m
[ 22%] [32mBuilding CXX object CMakeFiles/simple_goal_checker.dir/plugins/simple_goal_checker.cpp.o[0m
[ 27%] [32m[1mLinking CXX static library libgtest_main.a[0m
[ 27%] Built target gtest_main
[ 31%] [32mBuilding CXX object CMakeFiles/controller_server.dir/src/main.cpp.o[0m
[ 36%] [32m[1mLinking CXX shared library libsimple_goal_checker.so[0m
[ 36%] Built target simple_goal_checker
[ 40%] [32mBuilding CXX object CMakeFiles/simple_progress_checker.dir/plugins/simple_progress_checker.cpp.o[0m
[ 45%] [32m[1mLinking CXX static library libgtest.a[0m
[ 45%] Built target gtest
[ 50%] [32m[1mLinking CXX executable controller_server[0m
[ 50%] Built target controller_server
[ 54%] [32m[1mLinking CXX shared library libsimple_progress_checker.so[0m
[ 54%] Built target simple_progress_checker
[ 59%] [32mBuilding CXX object test/CMakeFiles/test_dynamic_parameters.dir/test_dynamic_parameters.cpp.o[0m
[ 63%] [32m[1mLinking CXX executable test_dynamic_parameters[0m
[ 63%] Built target test_dynamic_parameters
[ 72%] [32mBuilding CXX object CMakeFiles/stopped_goal_checker.dir/plugins/stopped_goal_checker.cpp.o[0m
[ 72%] [32mBuilding CXX object CMakeFiles/pose_progress_checker.dir/plugins/pose_progress_checker.cpp.o[0m
[ 77%] [32m[1mLinking CXX shared library libpose_progress_checker.so[0m
[ 77%] Built target pose_progress_checker
[ 81%] [32mBuilding CXX object plugins/test/CMakeFiles/pctest.dir/progress_checker.cpp.o[0m
[ 86%] [32m[1mLinking CXX shared library libstopped_goal_checker.so[0m
[ 86%] Built target stopped_goal_checker
[ 90%] [32mBuilding CXX object plugins/test/CMakeFiles/gctest.dir/goal_checker.cpp.o[0m
[ 95%] [32m[1mLinking CXX executable pctest[0m
[ 95%] Built target pctest
[100%] [32m[1mLinking CXX executable gctest[0m
[100%] Built target gctest
-- Install configuration: "Release"
-- Installing: /home/kazim/construct_ws/install/nav2_controller/lib/libsimple_progress_checker.so
-- Set runtime path of "/home/kazim/construct_ws/install/nav2_controller/lib/libsimple_progress_checker.so" to ""
-- Installing: /home/kazim/construct_ws/install/nav2_controller/lib/libpose_progress_checker.so
-- Set runtime path of "/home/kazim/construct_ws/install/nav2_controller/lib/libpose_progress_checker.so" to ""
-- Installing: /home/kazim/construct_ws/install/nav2_controller/lib/libsimple_goal_checker.so
-- Set runtime path of "/home/kazim/construct_ws/install/nav2_controller/lib/libsimple_goal_checker.so" to ""
-- Installing: /home/kazim/construct_ws/install/nav2_controller/lib/libstopped_goal_checker.so
-- Set runtime path of "/home/kazim/construct_ws/install/nav2_controller/lib/libstopped_goal_checker.so" to ""
-- Installing: /home/kazim/construct_ws/install/nav2_controller/lib/libcontroller_server_core.so
-- Set runtime path of "/home/kazim/construct_ws/install/nav2_controller/lib/libcontroller_server_core.so" to ""
-- Installing: /home/kazim/construct_ws/install/nav2_controller/lib/nav2_controller/controller_server
-- Set runtime path of "/home/kazim/construct_ws/install/nav2_controller/lib/nav2_controller/controller_server" to ""
-- Installing: /home/kazim/construct_ws/install/nav2_controller/include/
-- Installing: /home/kazim/construct_ws/install/nav2_controller/include//nav2_controller
-- Installing: /home/kazim/construct_ws/install/nav2_controller/include//nav2_controller/controller_server.hpp
-- Installing: /home/kazim/construct_ws/install/nav2_controller/include//nav2_controller/plugins
-- Installing: /home/kazim/construct_ws/install/nav2_controller/include//nav2_controller/plugins/stopped_goal_checker.hpp
-- Installing: /home/kazim/construct_ws/install/nav2_controller/include//nav2_controller/plugins/simple_progress_checker.hpp
-- Installing: /home/kazim/construct_ws/install/nav2_controller/include//nav2_controller/plugins/pose_progress_checker.hpp
-- Installing: /home/kazim/construct_ws/install/nav2_controller/include//nav2_controller/plugins/simple_goal_checker.hpp
-- Installing: /home/kazim/construct_ws/install/nav2_controller/share/nav2_controller/environment/library_path.sh
-- Installing: /home/kazim/construct_ws/install/nav2_controller/share/nav2_controller/environment/library_path.dsv
-- Installing: /home/kazim/construct_ws/install/nav2_controller/share/nav2_controller/plugins.xml
-- Installing: /home/kazim/construct_ws/install/nav2_controller/share/ament_index/resource_index/package_run_dependencies/nav2_controller
-- Installing: /home/kazim/construct_ws/install/nav2_controller/share/ament_index/resource_index/parent_prefix_path/nav2_controller
-- Installing: /home/kazim/construct_ws/install/nav2_controller/share/nav2_controller/environment/ament_prefix_path.sh
-- Installing: /home/kazim/construct_ws/install/nav2_controller/share/nav2_controller/environment/ament_prefix_path.dsv
-- Installing: /home/kazim/construct_ws/install/nav2_controller/share/nav2_controller/environment/path.sh
-- Installing: /home/kazim/construct_ws/install/nav2_controller/share/nav2_controller/environment/path.dsv
-- Installing: /home/kazim/construct_ws/install/nav2_controller/share/nav2_controller/local_setup.bash
-- Installing: /home/kazim/construct_ws/install/nav2_controller/share/nav2_controller/local_setup.sh
-- Installing: /home/kazim/construct_ws/install/nav2_controller/share/nav2_controller/local_setup.zsh
-- Installing: /home/kazim/construct_ws/install/nav2_controller/share/nav2_controller/local_setup.dsv
-- Installing: /home/kazim/construct_ws/install/nav2_controller/share/nav2_controller/package.dsv
-- Installing: /home/kazim/construct_ws/install/nav2_controller/share/ament_index/resource_index/packages/nav2_controller
-- Installing: /home/kazim/construct_ws/install/nav2_controller/share/ament_index/resource_index/nav2_core__pluginlib__plugin/nav2_controller
-- Installing: /home/kazim/construct_ws/install/nav2_controller/share/ament_index/resource_index/rclcpp_components/nav2_controller
-- Installing: /home/kazim/construct_ws/install/nav2_controller/share/nav2_controller/cmake/ament_cmake_export_include_directories-extras.cmake
-- Installing: /home/kazim/construct_ws/install/nav2_controller/share/nav2_controller/cmake/ament_cmake_export_libraries-extras.cmake
-- Installing: /home/kazim/construct_ws/install/nav2_controller/share/nav2_controller/cmake/ament_cmake_export_dependencies-extras.cmake
-- Installing: /home/kazim/construct_ws/install/nav2_controller/share/nav2_controller/cmake/nav2_controllerConfig.cmake
-- Installing: /home/kazim/construct_ws/install/nav2_controller/share/nav2_controller/cmake/nav2_controllerConfig-version.cmake
-- Installing: /home/kazim/construct_ws/install/nav2_controller/share/nav2_controller/package.xml
