running egg_info
creating ../../build/map_server/map_server.egg-info
writing ../../build/map_server/map_server.egg-info/PKG-INFO
writing dependency_links to ../../build/map_server/map_server.egg-info/dependency_links.txt
writing entry points to ../../build/map_server/map_server.egg-info/entry_points.txt
writing requirements to ../../build/map_server/map_server.egg-info/requires.txt
writing top-level names to ../../build/map_server/map_server.egg-info/top_level.txt
writing manifest file '../../build/map_server/map_server.egg-info/SOURCES.txt'
reading manifest file '../../build/map_server/map_server.egg-info/SOURCES.txt'
writing manifest file '../../build/map_server/map_server.egg-info/SOURCES.txt'
running build
running build_py
creating /home/kazim/construct_ws/build/map_server/build
creating /home/kazim/construct_ws/build/map_server/build/lib
creating /home/kazim/construct_ws/build/map_server/build/lib/map_server
copying map_server/__init__.py -> /home/kazim/construct_ws/build/map_server/build/lib/map_server
running install
running install_lib
creating /home/kazim/construct_ws/install/map_server/lib/python3.10/site-packages/map_server
copying /home/kazim/construct_ws/build/map_server/build/lib/map_server/__init__.py -> /home/kazim/construct_ws/install/map_server/lib/python3.10/site-packages/map_server
byte-compiling /home/kazim/construct_ws/install/map_server/lib/python3.10/site-packages/map_server/__init__.py to __init__.cpython-310.pyc
running install_data
creating /home/kazim/construct_ws/install/map_server/share/ament_index
creating /home/kazim/construct_ws/install/map_server/share/ament_index/resource_index
creating /home/kazim/construct_ws/install/map_server/share/ament_index/resource_index/packages
copying resource/map_server -> /home/kazim/construct_ws/install/map_server/share/ament_index/resource_index/packages
copying package.xml -> /home/kazim/construct_ws/install/map_server/share/map_server
creating /home/kazim/construct_ws/install/map_server/share/map_server/launch
copying launch/nav2_map_server.launch.py -> /home/kazim/construct_ws/install/map_server/share/map_server/launch
creating /home/kazim/construct_ws/install/map_server/share/map_server/config
copying config/turtlebot_area.yaml -> /home/kazim/construct_ws/install/map_server/share/map_server/config
copying config/multi_turtlebot_area.pgm -> /home/kazim/construct_ws/install/map_server/share/map_server/config
copying config/turtlebot_area.pgm -> /home/kazim/construct_ws/install/map_server/share/map_server/config
copying config/multi_turtlebot_area.yaml -> /home/kazim/construct_ws/install/map_server/share/map_server/config
running install_egg_info
Copying ../../build/map_server/map_server.egg-info to /home/kazim/construct_ws/install/map_server/lib/python3.10/site-packages/map_server-0.0.0-py3.10.egg-info
running install_scripts
writing list of installed files to '/home/kazim/construct_ws/build/map_server/install.log'
