[4.779s] Invoking command in '/home/kazim/construct_ws/src/cartographer_slam': PYTHONPATH=/home/kazim/construct_ws/build/cartographer_slam/prefix_override:/home/kazim/construct_ws/install/cartographer_slam/lib/python3.10/site-packages:${PYTHONPATH} /usr/bin/python3 setup.py egg_info --egg-base ../../build/cartographer_slam build --build-base /home/kazim/construct_ws/build/cartographer_slam/build install --record /home/kazim/construct_ws/build/cartographer_slam/install.log --single-version-externally-managed
[5.191s] running egg_info
[5.192s] creating ../../build/cartographer_slam/cartographer_slam.egg-info
[5.192s] writing ../../build/cartographer_slam/cartographer_slam.egg-info/PKG-INFO
[5.192s] writing dependency_links to ../../build/cartographer_slam/cartographer_slam.egg-info/dependency_links.txt
[5.192s] writing entry points to ../../build/cartographer_slam/cartographer_slam.egg-info/entry_points.txt
[5.192s] writing requirements to ../../build/cartographer_slam/cartographer_slam.egg-info/requires.txt
[5.193s] writing top-level names to ../../build/cartographer_slam/cartographer_slam.egg-info/top_level.txt
[5.193s] writing manifest file '../../build/cartographer_slam/cartographer_slam.egg-info/SOURCES.txt'
[5.198s] reading manifest file '../../build/cartographer_slam/cartographer_slam.egg-info/SOURCES.txt'
[5.198s] writing manifest file '../../build/cartographer_slam/cartographer_slam.egg-info/SOURCES.txt'
[5.198s] running build
[5.198s] running build_py
[5.198s] creating /home/kazim/construct_ws/build/cartographer_slam/build
[5.198s] creating /home/kazim/construct_ws/build/cartographer_slam/build/lib
[5.198s] creating /home/kazim/construct_ws/build/cartographer_slam/build/lib/cartographer_slam
[5.199s] copying cartographer_slam/__init__.py -> /home/kazim/construct_ws/build/cartographer_slam/build/lib/cartographer_slam
[5.199s] running install
[5.199s] running install_lib
[5.200s] creating /home/kazim/construct_ws/install/cartographer_slam/lib/python3.10/site-packages/cartographer_slam
[5.200s] copying /home/kazim/construct_ws/build/cartographer_slam/build/lib/cartographer_slam/__init__.py -> /home/kazim/construct_ws/install/cartographer_slam/lib/python3.10/site-packages/cartographer_slam
[5.201s] byte-compiling /home/kazim/construct_ws/install/cartographer_slam/lib/python3.10/site-packages/cartographer_slam/__init__.py to __init__.cpython-310.pyc
[5.202s] running install_data
[5.203s] creating /home/kazim/construct_ws/install/cartographer_slam/share/ament_index
[5.203s] creating /home/kazim/construct_ws/install/cartographer_slam/share/ament_index/resource_index
[5.203s] creating /home/kazim/construct_ws/install/cartographer_slam/share/ament_index/resource_index/packages
[5.203s] copying resource/cartographer_slam -> /home/kazim/construct_ws/install/cartographer_slam/share/ament_index/resource_index/packages
[5.203s] copying package.xml -> /home/kazim/construct_ws/install/cartographer_slam/share/cartographer_slam
[5.203s] creating /home/kazim/construct_ws/install/cartographer_slam/share/cartographer_slam/launch
[5.203s] copying launch/cartographer.launch.py -> /home/kazim/construct_ws/install/cartographer_slam/share/cartographer_slam/launch
[5.204s] copying launch/multi_cartographer.launch.py -> /home/kazim/construct_ws/install/cartographer_slam/share/cartographer_slam/launch
[5.204s] creating /home/kazim/construct_ws/install/cartographer_slam/share/cartographer_slam/config
[5.204s] copying config/turtlebot_area.yaml -> /home/kazim/construct_ws/install/cartographer_slam/share/cartographer_slam/config
[5.204s] copying config/cartographer.lua -> /home/kazim/construct_ws/install/cartographer_slam/share/cartographer_slam/config
[5.204s] copying config/multi_turtlebot_area.pgm -> /home/kazim/construct_ws/install/cartographer_slam/share/cartographer_slam/config
[5.204s] copying config/turtlebot_area.pgm -> /home/kazim/construct_ws/install/cartographer_slam/share/cartographer_slam/config
[5.204s] copying config/multi_turtlebot_area.yaml -> /home/kazim/construct_ws/install/cartographer_slam/share/cartographer_slam/config
[5.205s] copying config/cartographer_multi.lua -> /home/kazim/construct_ws/install/cartographer_slam/share/cartographer_slam/config
[5.205s] running install_egg_info
[5.209s] Copying ../../build/cartographer_slam/cartographer_slam.egg-info to /home/kazim/construct_ws/install/cartographer_slam/lib/python3.10/site-packages/cartographer_slam-0.0.0-py3.10.egg-info
[5.210s] running install_scripts
[5.246s] writing list of installed files to '/home/kazim/construct_ws/build/cartographer_slam/install.log'
[5.418s] Invoked command in '/home/kazim/construct_ws/src/cartographer_slam' returned '0': PYTHONPATH=/home/kazim/construct_ws/build/cartographer_slam/prefix_override:/home/kazim/construct_ws/install/cartographer_slam/lib/python3.10/site-packages:${PYTHONPATH} /usr/bin/python3 setup.py egg_info --egg-base ../../build/cartographer_slam build --build-base /home/kazim/construct_ws/build/cartographer_slam/build install --record /home/kazim/construct_ws/build/cartographer_slam/install.log --single-version-externally-managed
