/home/kazim/construct_ws/install/path_planner_server/lib/python3.10/site-packages/path_planner_server/__init__.py
/home/kazim/construct_ws/install/path_planner_server/lib/python3.10/site-packages/path_planner_server/__pycache__/__init__.cpython-310.pyc
/home/kazim/construct_ws/install/path_planner_server/share/ament_index/resource_index/packages/path_planner_server
/home/kazim/construct_ws/install/path_planner_server/share/path_planner_server/package.xml
/home/kazim/construct_ws/install/path_planner_server/share/path_planner_server/launch/pathplanner.launch.py
/home/kazim/construct_ws/install/path_planner_server/share/path_planner_server/launch/multi_pathplanner.launch.py
/home/kazim/construct_ws/install/path_planner_server/share/path_planner_server/config/nav2_params.yaml
/home/kazim/construct_ws/install/path_planner_server/share/path_planner_server/config/recovery.yaml
/home/kazim/construct_ws/install/path_planner_server/share/path_planner_server/config/behavior.xml
/home/kazim/construct_ws/install/path_planner_server/share/path_planner_server/config/nav2_params_1.yaml
/home/kazim/construct_ws/install/path_planner_server/share/path_planner_server/config/controller.yaml
/home/kazim/construct_ws/install/path_planner_server/share/path_planner_server/config/nav2_params_2.yaml
/home/kazim/construct_ws/install/path_planner_server/share/path_planner_server/config/bt_navigator.yaml
/home/kazim/construct_ws/install/path_planner_server/share/path_planner_server/config/planner_server.yaml
/home/kazim/construct_ws/install/path_planner_server/lib/python3.10/site-packages/path_planner_server-0.0.0-py3.10.egg-info/zip-safe
/home/kazim/construct_ws/install/path_planner_server/lib/python3.10/site-packages/path_planner_server-0.0.0-py3.10.egg-info/top_level.txt
/home/kazim/construct_ws/install/path_planner_server/lib/python3.10/site-packages/path_planner_server-0.0.0-py3.10.egg-info/PKG-INFO
/home/kazim/construct_ws/install/path_planner_server/lib/python3.10/site-packages/path_planner_server-0.0.0-py3.10.egg-info/requires.txt
/home/kazim/construct_ws/install/path_planner_server/lib/python3.10/site-packages/path_planner_server-0.0.0-py3.10.egg-info/SOURCES.txt
/home/kazim/construct_ws/install/path_planner_server/lib/python3.10/site-packages/path_planner_server-0.0.0-py3.10.egg-info/entry_points.txt
/home/kazim/construct_ws/install/path_planner_server/lib/python3.10/site-packages/path_planner_server-0.0.0-py3.10.egg-info/dependency_links.txt
