[3.683s] Invoking command in '/home/kazim/construct_ws/src/map_server': PYTHONPATH=/home/kazim/construct_ws/build/map_server/prefix_override:/home/kazim/construct_ws/install/map_server/lib/python3.10/site-packages:${PYTHONPATH} /usr/bin/python3 setup.py egg_info --egg-base ../../build/map_server build --build-base /home/kazim/construct_ws/build/map_server/build install --record /home/kazim/construct_ws/build/map_server/install.log --single-version-externally-managed
[4.018s] running egg_info
[4.020s] writing ../../build/map_server/map_server.egg-info/PKG-INFO
[4.020s] writing dependency_links to ../../build/map_server/map_server.egg-info/dependency_links.txt
[4.020s] writing entry points to ../../build/map_server/map_server.egg-info/entry_points.txt
[4.020s] writing requirements to ../../build/map_server/map_server.egg-info/requires.txt
[4.020s] writing top-level names to ../../build/map_server/map_server.egg-info/top_level.txt
[4.023s] reading manifest file '../../build/map_server/map_server.egg-info/SOURCES.txt'
[4.024s] writing manifest file '../../build/map_server/map_server.egg-info/SOURCES.txt'
[4.024s] running build
[4.024s] running build_py
[4.024s] running install
[4.025s] running install_lib
[4.026s] running install_data
[4.028s] running install_egg_info
[4.030s] removing '/home/kazim/construct_ws/install/map_server/lib/python3.10/site-packages/map_server-0.0.0-py3.10.egg-info' (and everything under it)
[4.030s] Copying ../../build/map_server/map_server.egg-info to /home/kazim/construct_ws/install/map_server/lib/python3.10/site-packages/map_server-0.0.0-py3.10.egg-info
[4.032s] running install_scripts
[4.053s] writing list of installed files to '/home/kazim/construct_ws/build/map_server/install.log'
[4.187s] Invoked command in '/home/kazim/construct_ws/src/map_server' returned '0': PYTHONPATH=/home/kazim/construct_ws/build/map_server/prefix_override:/home/kazim/construct_ws/install/map_server/lib/python3.10/site-packages:${PYTHONPATH} /usr/bin/python3 setup.py egg_info --egg-base ../../build/map_server build --build-base /home/kazim/construct_ws/build/map_server/build install --record /home/kazim/construct_ws/build/map_server/install.log --single-version-externally-managed
