[2.241s] Invoking command in '/home/kazim/construct_ws/src/path_planner_server': PYTHONPATH=/home/kazim/construct_ws/build/path_planner_server/prefix_override:/home/kazim/construct_ws/install/path_planner_server/lib/python3.10/site-packages:${PYTHONPATH} /usr/bin/python3 setup.py egg_info --egg-base ../../build/path_planner_server build --build-base /home/kazim/construct_ws/build/path_planner_server/build install --record /home/kazim/construct_ws/build/path_planner_server/install.log --single-version-externally-managed
[2.480s] running egg_info
[2.481s] writing ../../build/path_planner_server/path_planner_server.egg-info/PKG-INFO
[2.481s] writing dependency_links to ../../build/path_planner_server/path_planner_server.egg-info/dependency_links.txt
[2.481s] writing entry points to ../../build/path_planner_server/path_planner_server.egg-info/entry_points.txt
[2.481s] writing requirements to ../../build/path_planner_server/path_planner_server.egg-info/requires.txt
[2.482s] writing top-level names to ../../build/path_planner_server/path_planner_server.egg-info/top_level.txt
[2.483s] reading manifest file '../../build/path_planner_server/path_planner_server.egg-info/SOURCES.txt'
[2.483s] writing manifest file '../../build/path_planner_server/path_planner_server.egg-info/SOURCES.txt'
[2.483s] running build
[2.483s] running build_py
[2.483s] running install
[2.484s] running install_lib
[2.484s] running install_data
[2.485s] copying config/nav2_params_1.yaml -> /home/kazim/construct_ws/install/path_planner_server/share/path_planner_server/config
[2.485s] copying config/nav2_params_2.yaml -> /home/kazim/construct_ws/install/path_planner_server/share/path_planner_server/config
[2.485s] running install_egg_info
[2.486s] removing '/home/kazim/construct_ws/install/path_planner_server/lib/python3.10/site-packages/path_planner_server-0.0.0-py3.10.egg-info' (and everything under it)
[2.486s] Copying ../../build/path_planner_server/path_planner_server.egg-info to /home/kazim/construct_ws/install/path_planner_server/lib/python3.10/site-packages/path_planner_server-0.0.0-py3.10.egg-info
[2.487s] running install_scripts
[2.502s] writing list of installed files to '/home/kazim/construct_ws/build/path_planner_server/install.log'
[2.736s] Invoked command in '/home/kazim/construct_ws/src/path_planner_server' returned '0': PYTHONPATH=/home/kazim/construct_ws/build/path_planner_server/prefix_override:/home/kazim/construct_ws/install/path_planner_server/lib/python3.10/site-packages:${PYTHONPATH} /usr/bin/python3 setup.py egg_info --egg-base ../../build/path_planner_server build --build-base /home/kazim/construct_ws/build/path_planner_server/build install --record /home/kazim/construct_ws/build/path_planner_server/install.log --single-version-externally-managed
