[5.066s] Invoking command in '/home/kazim/construct_ws/src/localization_server': PYTHONPATH=/home/kazim/construct_ws/build/localization_server/prefix_override:/home/kazim/construct_ws/install/localization_server/lib/python3.10/site-packages:${PYTHONPATH} /usr/bin/python3 setup.py egg_info --egg-base ../../build/localization_server build --build-base /home/kazim/construct_ws/build/localization_server/build install --record /home/kazim/construct_ws/build/localization_server/install.log --single-version-externally-managed
[5.481s] running egg_info
[5.482s] writing ../../build/localization_server/localization_server.egg-info/PKG-INFO
[5.484s] writing dependency_links to ../../build/localization_server/localization_server.egg-info/dependency_links.txt
[5.484s] writing entry points to ../../build/localization_server/localization_server.egg-info/entry_points.txt
[5.485s] writing requirements to ../../build/localization_server/localization_server.egg-info/requires.txt
[5.485s] writing top-level names to ../../build/localization_server/localization_server.egg-info/top_level.txt
[5.489s] reading manifest file '../../build/localization_server/localization_server.egg-info/SOURCES.txt'
[5.490s] writing manifest file '../../build/localization_server/localization_server.egg-info/SOURCES.txt'
[5.490s] running build
[5.490s] running build_py
[5.491s] running install
[5.492s] running install_lib
[5.494s] running install_data
[5.497s] running install_egg_info
[5.501s] removing '/home/kazim/construct_ws/install/localization_server/lib/python3.10/site-packages/localization_server-0.0.0-py3.10.egg-info' (and everything under it)
[5.502s] Copying ../../build/localization_server/localization_server.egg-info to /home/kazim/construct_ws/install/localization_server/lib/python3.10/site-packages/localization_server-0.0.0-py3.10.egg-info
[5.504s] running install_scripts
[5.543s] Installing initial_pose_pub script to /home/kazim/construct_ws/install/localization_server/lib/localization_server
[5.543s] writing list of installed files to '/home/kazim/construct_ws/build/localization_server/install.log'
[6.080s] Invoked command in '/home/kazim/construct_ws/src/localization_server' returned '0': PYTHONPATH=/home/kazim/construct_ws/build/localization_server/prefix_override:/home/kazim/construct_ws/install/localization_server/lib/python3.10/site-packages:${PYTHONPATH} /usr/bin/python3 setup.py egg_info --egg-base ../../build/localization_server build --build-base /home/kazim/construct_ws/build/localization_server/build install --record /home/kazim/construct_ws/build/localization_server/install.log --single-version-externally-managed
