-- The C compiler identification is GNU 11.4.0
-- The CXX compiler identification is GNU 11.4.0
-- Detecting C compiler ABI info
-- Detecting C compiler ABI info - done
-- Check for working C compiler: /usr/bin/cc - skipped
-- Detecting C compile features
-- Detecting C compile features - done
-- Detecting CXX compiler ABI info
-- Detecting CXX compiler ABI info - done
-- Check for working CXX compiler: /usr/bin/c++ - skipped
-- Detecting CXX compile features
-- Detecting CXX compile features - done
-- Found ament_cmake: 1.3.5 (/opt/ros/humble/share/ament_cmake/cmake)
-- Found Python3: /usr/bin/python3.10 (found version "3.10.12") found components: Interpreter 
-- Performing Test arch_native_supported
-- Performing Test arch_native_supported - Success
-- Found rclcpp: 16.0.6 (/opt/ros/humble/share/rclcpp/cmake)
-- Found rosidl_generator_c: 3.1.5 (/opt/ros/humble/share/rosidl_generator_c/cmake)
-- Found rosidl_adapter: 3.1.5 (/opt/ros/humble/share/rosidl_adapter/cmake)
-- Found rosidl_generator_cpp: 3.1.5 (/opt/ros/humble/share/rosidl_generator_cpp/cmake)
-- Using all available rosidl_typesupport_c: rosidl_typesupport_fastrtps_c;rosidl_typesupport_introspection_c
-- Using all available rosidl_typesupport_cpp: rosidl_typesupport_fastrtps_cpp;rosidl_typesupport_introspection_cpp
-- Found rmw_implementation_cmake: 6.1.1 (/opt/ros/humble/share/rmw_implementation_cmake/cmake)
-- Found rmw_cyclonedds_cpp: 1.3.4 (/opt/ros/humble/share/rmw_cyclonedds_cpp/cmake)
-- Using RMW implementation 'rmw_cyclonedds_cpp' as default
-- Performing Test CMAKE_HAVE_LIBC_PTHREAD
-- Performing Test CMAKE_HAVE_LIBC_PTHREAD - Success
-- Found Threads: TRUE  
-- Found nav2_common: 1.1.12 (/home/kazim/construct_ws/install/nav2_common/share/nav2_common/cmake)
-- Found pluginlib: 5.1.0 (/opt/ros/humble/share/pluginlib/cmake)
-- Found tf2: 0.25.4 (/opt/ros/humble/share/tf2/cmake)
-- Found visualization_msgs: 4.2.3 (/opt/ros/humble/share/visualization_msgs/cmake)
-- Found nav_msgs: 4.2.3 (/opt/ros/humble/share/nav_msgs/cmake)
-- Found nav2_core: 1.1.12 (/home/kazim/construct_ws/install/nav2_core/share/nav2_core/cmake)
-- Found Eigen3: TRUE (found version "3.4.0") 
-- Ensuring Eigen3 include directory is part of orocos-kdl CMake target
-- Found tf2_eigen: 0.25.4 (/opt/ros/humble/share/tf2_eigen/cmake)
-- Setting build type to Release as none was specified.
-- Performing Test COMPILER_SUPPORTS_AVX2
-- Performing Test COMPILER_SUPPORTS_AVX2 - Success
-- Performing Test COMPILER_SUPPORTS_FMA
-- Performing Test COMPILER_SUPPORTS_FMA - Success
-- Found ament_lint_auto: 0.12.8 (/opt/ros/humble/share/ament_lint_auto/cmake)
-- Found ament_cmake_gtest: 1.3.5 (/opt/ros/humble/share/ament_cmake_gtest/cmake)
-- Found gtest sources under '/opt/ros/humble/src/gtest_vendor': C++ tests using 'Google Test' will be built
-- Added test 'cppcheck' to perform static code analysis on C / C++ code
-- Configured cppcheck include dirs: /home/kazim/construct_ws/src/navigation2/nav2_mppi_controller/include
-- Configured cppcheck exclude dirs and/or files: 
-- Added test 'cpplint' to check C / C++ code against the Google style
-- Configured cpplint exclude dirs and/or files: 
-- Added test 'lint_cmake' to check CMake code style
-- Added test 'uncrustify' to check C / C++ code style
-- Configured uncrustify additional arguments: 
-- Added test 'xmllint' to check XML markup files
-- Configuring done (128.2s)
-- Generating done (0.9s)
-- Build files have been written to: /home/kazim/construct_ws/build/nav2_mppi_controller
[  2%] [32mBuilding CXX object CMakeFiles/mppi_controller.dir/src/controller.cpp.o[0m
[  4%] [32mBuilding CXX object CMakeFiles/mppi_critics.dir/src/critics/obstacles_critic.cpp.o[0m
[  6%] [32mBuilding CXX object CMakeFiles/mppi_critics.dir/src/critics/goal_critic.cpp.o[0m
[  8%] [32mBuilding CXX object CMakeFiles/mppi_controller.dir/src/optimizer.cpp.o[0m
[ 10%] [32mBuilding CXX object CMakeFiles/mppi_controller.dir/src/path_handler.cpp.o[0m
[ 13%] [32mBuilding CXX object CMakeFiles/mppi_controller.dir/src/trajectory_visualizer.cpp.o[0m
[ 15%] [32mBuilding CXX object CMakeFiles/mppi_controller.dir/src/critic_manager.cpp.o[0m
[ 17%] [32mBuilding CXX object CMakeFiles/mppi_critics.dir/src/critics/constraint_critic.cpp.o[0m
[ 19%] [32mBuilding CXX object CMakeFiles/mppi_controller.dir/src/parameters_handler.cpp.o[0m
[ 21%] [32mBuilding CXX object CMakeFiles/mppi_controller.dir/src/noise_generator.cpp.o[0m
[ 26%] [32mBuilding CXX object CMakeFiles/mppi_critics.dir/src/critics/path_angle_critic.cpp.o[0m
[ 28%] [32mBuilding CXX object CMakeFiles/mppi_critics.dir/src/critics/prefer_forward_critic.cpp.o[0m
[ 26%] [32mBuilding CXX object CMakeFiles/mppi_critics.dir/src/critics/twirling_critic.cpp.o[0m
[ 30%] [32m[1mLinking CXX shared library libmppi_controller.so[0m
[ 30%] Built target mppi_controller
[ 32%] [32mBuilding CXX object gtest/CMakeFiles/gtest.dir/src/gtest-all.cc.o[0m
[ 34%] [32mBuilding CXX object CMakeFiles/mppi_critics.dir/src/critics/path_follow_critic.cpp.o[0m
[ 36%] [32mBuilding CXX object CMakeFiles/mppi_critics.dir/src/critics/path_align_critic.cpp.o[0m
[ 39%] [32m[1mLinking CXX static library libgtest.a[0m
[ 39%] Built target gtest
[ 41%] [32mBuilding CXX object gtest/CMakeFiles/gtest_main.dir/src/gtest_main.cc.o[0m
[ 43%] [32m[1mLinking CXX static library libgtest_main.a[0m
[ 43%] Built target gtest_main
[ 45%] [32mBuilding CXX object test/CMakeFiles/optimizer_smoke_test.dir/optimizer_smoke_test.cpp.o[0m
[ 47%] [32mBuilding CXX object CMakeFiles/mppi_critics.dir/src/critics/goal_angle_critic.cpp.o[0m
[ 50%] [32m[1mLinking CXX executable optimizer_smoke_test[0m
[ 50%] Built target optimizer_smoke_test
[ 52%] [32mBuilding CXX object test/CMakeFiles/optimizer_unit_tests.dir/optimizer_unit_tests.cpp.o[0m
[ 54%] [32mBuilding CXX object test/CMakeFiles/critic_manager_test.dir/critic_manager_test.cpp.o[0m
[ 56%] [32mBuilding CXX object test/CMakeFiles/utils_test.dir/utils_test.cpp.o[0m
[ 58%] [32mBuilding CXX object test/CMakeFiles/path_handler_test.dir/path_handler_test.cpp.o[0m
[ 60%] [32m[1mLinking CXX shared library libmppi_critics.so[0m
[ 60%] Built target mppi_critics
[ 63%] [32mBuilding CXX object test/CMakeFiles/trajectory_visualizer_tests.dir/trajectory_visualizer_tests.cpp.o[0m
[ 65%] [32mBuilding CXX object test/CMakeFiles/parameter_handler_test.dir/parameter_handler_test.cpp.o[0m
[ 67%] [32mBuilding CXX object test/CMakeFiles/motion_model_tests.dir/motion_model_tests.cpp.o[0m
[ 69%] [32m[1mLinking CXX executable path_handler_test[0m
[ 69%] Built target path_handler_test
[ 71%] [32m[1mLinking CXX executable parameter_handler_test[0m
[ 71%] Built target parameter_handler_test
[ 73%] [32m[1mLinking CXX executable utils_test[0m
[ 73%] Built target utils_test
[ 76%] [32m[1mLinking CXX executable motion_model_tests[0m
[ 76%] Built target motion_model_tests
[ 78%] [32m[1mLinking CXX executable critic_manager_test[0m
[ 78%] Built target critic_manager_test
[ 80%] [32m[1mLinking CXX executable optimizer_unit_tests[0m
[ 80%] Built target optimizer_unit_tests
[ 82%] [32m[1mLinking CXX executable trajectory_visualizer_tests[0m
[ 82%] Built target trajectory_visualizer_tests
[ 84%] [32mBuilding CXX object test/CMakeFiles/critics_tests.dir/critics_tests.cpp.o[0m
[ 86%] [32m[1mLinking CXX executable critics_tests[0m
[ 86%] Built target critics_tests
[ 89%] [32mBuilding CXX object test/CMakeFiles/noise_generator_test.dir/noise_generator_test.cpp.o[0m
[ 91%] [32m[1mLinking CXX executable noise_generator_test[0m
[ 91%] Built target noise_generator_test
[ 93%] [32mBuilding CXX object test/CMakeFiles/models_test.dir/models_test.cpp.o[0m
[ 95%] [32m[1mLinking CXX executable models_test[0m
[ 95%] Built target models_test
[ 97%] [32mBuilding CXX object test/CMakeFiles/controller_state_transition_test.dir/controller_state_transition_test.cpp.o[0m
[100%] [32m[1mLinking CXX executable controller_state_transition_test[0m
[100%] Built target controller_state_transition_test
-- Install configuration: "Release"
-- Installing: /home/kazim/construct_ws/install/nav2_mppi_controller/lib/libmppi_controller.so
-- Set runtime path of "/home/kazim/construct_ws/install/nav2_mppi_controller/lib/libmppi_controller.so" to ""
-- Installing: /home/kazim/construct_ws/install/nav2_mppi_controller/lib/libmppi_critics.so
-- Set runtime path of "/home/kazim/construct_ws/install/nav2_mppi_controller/lib/libmppi_critics.so" to ""
-- Installing: /home/kazim/construct_ws/install/nav2_mppi_controller/include/
-- Installing: /home/kazim/construct_ws/install/nav2_mppi_controller/include//nav2_mppi_controller
-- Installing: /home/kazim/construct_ws/install/nav2_mppi_controller/include//nav2_mppi_controller/critic_data.hpp
-- Installing: /home/kazim/construct_ws/install/nav2_mppi_controller/include//nav2_mppi_controller/critic_function.hpp
-- Installing: /home/kazim/construct_ws/install/nav2_mppi_controller/include//nav2_mppi_controller/tools
-- Installing: /home/kazim/construct_ws/install/nav2_mppi_controller/include//nav2_mppi_controller/tools/utils.hpp
-- Installing: /home/kazim/construct_ws/install/nav2_mppi_controller/include//nav2_mppi_controller/tools/noise_generator.hpp
-- Installing: /home/kazim/construct_ws/install/nav2_mppi_controller/include//nav2_mppi_controller/tools/path_handler.hpp
-- Installing: /home/kazim/construct_ws/install/nav2_mppi_controller/include//nav2_mppi_controller/tools/trajectory_visualizer.hpp
-- Installing: /home/kazim/construct_ws/install/nav2_mppi_controller/include//nav2_mppi_controller/tools/parameters_handler.hpp
-- Installing: /home/kazim/construct_ws/install/nav2_mppi_controller/include//nav2_mppi_controller/optimizer.hpp
-- Installing: /home/kazim/construct_ws/install/nav2_mppi_controller/include//nav2_mppi_controller/critic_manager.hpp
-- Installing: /home/kazim/construct_ws/install/nav2_mppi_controller/include//nav2_mppi_controller/critics
-- Installing: /home/kazim/construct_ws/install/nav2_mppi_controller/include//nav2_mppi_controller/critics/twirling_critic.hpp
-- Installing: /home/kazim/construct_ws/install/nav2_mppi_controller/include//nav2_mppi_controller/critics/goal_critic.hpp
-- Installing: /home/kazim/construct_ws/install/nav2_mppi_controller/include//nav2_mppi_controller/critics/path_align_critic.hpp
-- Installing: /home/kazim/construct_ws/install/nav2_mppi_controller/include//nav2_mppi_controller/critics/constraint_critic.hpp
-- Installing: /home/kazim/construct_ws/install/nav2_mppi_controller/include//nav2_mppi_controller/critics/path_angle_critic.hpp
-- Installing: /home/kazim/construct_ws/install/nav2_mppi_controller/include//nav2_mppi_controller/critics/goal_angle_critic.hpp
-- Installing: /home/kazim/construct_ws/install/nav2_mppi_controller/include//nav2_mppi_controller/critics/obstacles_critic.hpp
-- Installing: /home/kazim/construct_ws/install/nav2_mppi_controller/include//nav2_mppi_controller/critics/path_follow_critic.hpp
-- Installing: /home/kazim/construct_ws/install/nav2_mppi_controller/include//nav2_mppi_controller/critics/prefer_forward_critic.hpp
-- Installing: /home/kazim/construct_ws/install/nav2_mppi_controller/include//nav2_mppi_controller/controller.hpp
-- Installing: /home/kazim/construct_ws/install/nav2_mppi_controller/include//nav2_mppi_controller/motion_models.hpp
-- Installing: /home/kazim/construct_ws/install/nav2_mppi_controller/include//nav2_mppi_controller/models
-- Installing: /home/kazim/construct_ws/install/nav2_mppi_controller/include//nav2_mppi_controller/models/path.hpp
-- Installing: /home/kazim/construct_ws/install/nav2_mppi_controller/include//nav2_mppi_controller/models/trajectories.hpp
-- Installing: /home/kazim/construct_ws/install/nav2_mppi_controller/include//nav2_mppi_controller/models/constraints.hpp
-- Installing: /home/kazim/construct_ws/install/nav2_mppi_controller/include//nav2_mppi_controller/models/optimizer_settings.hpp
-- Installing: /home/kazim/construct_ws/install/nav2_mppi_controller/include//nav2_mppi_controller/models/state.hpp
-- Installing: /home/kazim/construct_ws/install/nav2_mppi_controller/include//nav2_mppi_controller/models/control_sequence.hpp
-- Installing: /home/kazim/construct_ws/install/nav2_mppi_controller/share/nav2_mppi_controller/environment/library_path.sh
-- Installing: /home/kazim/construct_ws/install/nav2_mppi_controller/share/nav2_mppi_controller/environment/library_path.dsv
-- Installing: /home/kazim/construct_ws/install/nav2_mppi_controller/share/nav2_mppi_controller/mppic.xml
-- Installing: /home/kazim/construct_ws/install/nav2_mppi_controller/share/nav2_mppi_controller/critics.xml
-- Installing: /home/kazim/construct_ws/install/nav2_mppi_controller/share/ament_index/resource_index/package_run_dependencies/nav2_mppi_controller
-- Installing: /home/kazim/construct_ws/install/nav2_mppi_controller/share/ament_index/resource_index/parent_prefix_path/nav2_mppi_controller
-- Installing: /home/kazim/construct_ws/install/nav2_mppi_controller/share/nav2_mppi_controller/environment/ament_prefix_path.sh
-- Installing: /home/kazim/construct_ws/install/nav2_mppi_controller/share/nav2_mppi_controller/environment/ament_prefix_path.dsv
-- Installing: /home/kazim/construct_ws/install/nav2_mppi_controller/share/nav2_mppi_controller/environment/path.sh
-- Installing: /home/kazim/construct_ws/install/nav2_mppi_controller/share/nav2_mppi_controller/environment/path.dsv
-- Installing: /home/kazim/construct_ws/install/nav2_mppi_controller/share/nav2_mppi_controller/local_setup.bash
-- Installing: /home/kazim/construct_ws/install/nav2_mppi_controller/share/nav2_mppi_controller/local_setup.sh
-- Installing: /home/kazim/construct_ws/install/nav2_mppi_controller/share/nav2_mppi_controller/local_setup.zsh
-- Installing: /home/kazim/construct_ws/install/nav2_mppi_controller/share/nav2_mppi_controller/local_setup.dsv
-- Installing: /home/kazim/construct_ws/install/nav2_mppi_controller/share/nav2_mppi_controller/package.dsv
-- Installing: /home/kazim/construct_ws/install/nav2_mppi_controller/share/ament_index/resource_index/packages/nav2_mppi_controller
-- Installing: /home/kazim/construct_ws/install/nav2_mppi_controller/share/ament_index/resource_index/nav2_core__pluginlib__plugin/nav2_mppi_controller
-- Installing: /home/kazim/construct_ws/install/nav2_mppi_controller/share/ament_index/resource_index/nav2_mppi_controller__pluginlib__plugin/nav2_mppi_controller
-- Installing: /home/kazim/construct_ws/install/nav2_mppi_controller/share/nav2_mppi_controller/cmake/ament_cmake_export_libraries-extras.cmake
-- Installing: /home/kazim/construct_ws/install/nav2_mppi_controller/share/nav2_mppi_controller/cmake/ament_cmake_export_dependencies-extras.cmake
-- Installing: /home/kazim/construct_ws/install/nav2_mppi_controller/share/nav2_mppi_controller/cmake/ament_cmake_export_include_directories-extras.cmake
-- Installing: /home/kazim/construct_ws/install/nav2_mppi_controller/share/nav2_mppi_controller/cmake/nav2_mppi_controllerConfig.cmake
-- Installing: /home/kazim/construct_ws/install/nav2_mppi_controller/share/nav2_mppi_controller/cmake/nav2_mppi_controllerConfig-version.cmake
-- Installing: /home/kazim/construct_ws/install/nav2_mppi_controller/share/nav2_mppi_controller/package.xml
