[1.793s] DEBUG:colcon:Command line arguments: ['/usr/bin/colcon', 'list', '-p', '--base-paths', '/home/kazim/construct_ws']
[1.793s] DEBUG:colcon:Parsed command line arguments: Namespace(log_base=None, log_level=None, verb_name='list', build_base='build', ignore_user_meta=False, metas=['./colcon.meta'], base_paths=['/home/kazim/construct_ws'], packages_ignore=None, packages_ignore_regex=None, paths=None, packages_up_to=None, packages_up_to_regex=None, packages_above=None, packages_above_and_dependencies=None, packages_above_depth=None, packages_select_by_dep=None, packages_skip_by_dep=None, packages_skip_up_to=None, packages_select_build_failed=False, packages_skip_build_finished=False, packages_select_test_failures=False, packages_skip_test_passed=False, packages_select=None, packages_skip=None, packages_select_regex=None, packages_skip_regex=None, packages_start=None, packages_end=None, allow_overriding=[], topological_order=False, names_only=False, paths_only=True, topological_graph=False, topological_graph_dot=False, topological_graph_density=False, topological_graph_legend=False, topological_graph_dot_cluster=False, topological_graph_dot_include_skipped=False, verb_parser=<colcon_defaults.argument_parser.defaults.DefaultArgumentsDecorator object at 0x7f3248d940d0>, verb_extension=<colcon_package_information.verb.list.ListVerb object at 0x7f3248d95300>, main=<bound method ListVerb.main of <colcon_package_information.verb.list.ListVerb object at 0x7f3248d95300>>)
[1.902s] Level 1:colcon.colcon_core.package_discovery:discover_packages(colcon_meta) check parameters
[1.902s] Level 1:colcon.colcon_core.package_discovery:discover_packages(recursive) check parameters
[1.902s] Level 1:colcon.colcon_core.package_discovery:discover_packages(ignore) check parameters
[1.902s] Level 1:colcon.colcon_core.package_discovery:discover_packages(path) check parameters
[1.902s] Level 1:colcon.colcon_core.package_discovery:discover_packages(recursive) discover
[1.902s] INFO:colcon.colcon_core.package_discovery:Crawling recursively for packages in '/home/kazim/construct_ws'
[1.902s] Level 1:colcon.colcon_core.package_identification:_identify(/home/kazim/construct_ws) by extensions ['ignore', 'ignore_ament_install']
[1.902s] Level 1:colcon.colcon_core.package_identification:_identify(/home/kazim/construct_ws) by extension 'ignore'
[1.902s] Level 1:colcon.colcon_core.package_identification:_identify(/home/kazim/construct_ws) by extension 'ignore_ament_install'
[1.902s] Level 1:colcon.colcon_core.package_identification:_identify(/home/kazim/construct_ws) by extensions ['colcon_pkg']
[1.903s] Level 1:colcon.colcon_core.package_identification:_identify(/home/kazim/construct_ws) by extension 'colcon_pkg'
[1.903s] Level 1:colcon.colcon_core.package_identification:_identify(/home/kazim/construct_ws) by extensions ['colcon_meta']
[1.903s] Level 1:colcon.colcon_core.package_identification:_identify(/home/kazim/construct_ws) by extension 'colcon_meta'
[1.903s] Level 1:colcon.colcon_core.package_identification:_identify(/home/kazim/construct_ws) by extensions ['ros']
[1.903s] Level 1:colcon.colcon_core.package_identification:_identify(/home/kazim/construct_ws) by extension 'ros'
[1.920s] Level 1:colcon.colcon_core.package_identification:_identify(/home/kazim/construct_ws) by extensions ['cmake', 'python']
[1.920s] Level 1:colcon.colcon_core.package_identification:_identify(/home/kazim/construct_ws) by extension 'cmake'
[1.920s] Level 1:colcon.colcon_core.package_identification:_identify(/home/kazim/construct_ws) by extension 'python'
[1.920s] Level 1:colcon.colcon_core.package_identification:_identify(/home/kazim/construct_ws) by extensions ['python_setup_py']
[1.920s] Level 1:colcon.colcon_core.package_identification:_identify(/home/kazim/construct_ws) by extension 'python_setup_py'
[1.921s] Level 1:colcon.colcon_core.package_identification:_identify(/home/kazim/construct_ws/build) by extensions ['ignore', 'ignore_ament_install']
[1.921s] Level 1:colcon.colcon_core.package_identification:_identify(/home/kazim/construct_ws/build) by extension 'ignore'
[1.921s] Level 1:colcon.colcon_core.package_identification:_identify(/home/kazim/construct_ws/build) ignored
[1.921s] Level 1:colcon.colcon_core.package_identification:_identify(/home/kazim/construct_ws/install) by extensions ['ignore', 'ignore_ament_install']
[1.921s] Level 1:colcon.colcon_core.package_identification:_identify(/home/kazim/construct_ws/install) by extension 'ignore'
[1.921s] Level 1:colcon.colcon_core.package_identification:_identify(/home/kazim/construct_ws/install) ignored
[1.921s] Level 1:colcon.colcon_core.package_identification:_identify(/home/kazim/construct_ws/log) by extensions ['ignore', 'ignore_ament_install']
[1.921s] Level 1:colcon.colcon_core.package_identification:_identify(/home/kazim/construct_ws/log) by extension 'ignore'
[1.921s] Level 1:colcon.colcon_core.package_identification:_identify(/home/kazim/construct_ws/log) ignored
[1.921s] Level 1:colcon.colcon_core.package_identification:_identify(/home/kazim/construct_ws/src) by extensions ['ignore', 'ignore_ament_install']
[1.921s] Level 1:colcon.colcon_core.package_identification:_identify(/home/kazim/construct_ws/src) by extension 'ignore'
[1.921s] Level 1:colcon.colcon_core.package_identification:_identify(/home/kazim/construct_ws/src) by extension 'ignore_ament_install'
[1.922s] Level 1:colcon.colcon_core.package_identification:_identify(/home/kazim/construct_ws/src) by extensions ['colcon_pkg']
[1.922s] Level 1:colcon.colcon_core.package_identification:_identify(/home/kazim/construct_ws/src) by extension 'colcon_pkg'
[1.922s] Level 1:colcon.colcon_core.package_identification:_identify(/home/kazim/construct_ws/src) by extensions ['colcon_meta']
[1.922s] Level 1:colcon.colcon_core.package_identification:_identify(/home/kazim/construct_ws/src) by extension 'colcon_meta'
[1.922s] Level 1:colcon.colcon_core.package_identification:_identify(/home/kazim/construct_ws/src) by extensions ['ros']
[1.922s] Level 1:colcon.colcon_core.package_identification:_identify(/home/kazim/construct_ws/src) by extension 'ros'
[1.922s] Level 1:colcon.colcon_core.package_identification:_identify(/home/kazim/construct_ws/src) by extensions ['cmake', 'python']
[1.922s] Level 1:colcon.colcon_core.package_identification:_identify(/home/kazim/construct_ws/src) by extension 'cmake'
[1.922s] Level 1:colcon.colcon_core.package_identification:_identify(/home/kazim/construct_ws/src) by extension 'python'
[1.922s] Level 1:colcon.colcon_core.package_identification:_identify(/home/kazim/construct_ws/src) by extensions ['python_setup_py']
[1.922s] Level 1:colcon.colcon_core.package_identification:_identify(/home/kazim/construct_ws/src) by extension 'python_setup_py'
[1.922s] Level 1:colcon.colcon_core.package_identification:_identify(/home/kazim/construct_ws/src/cartographer_slam) by extensions ['ignore', 'ignore_ament_install']
[1.922s] Level 1:colcon.colcon_core.package_identification:_identify(/home/kazim/construct_ws/src/cartographer_slam) by extension 'ignore'
[1.922s] Level 1:colcon.colcon_core.package_identification:_identify(/home/kazim/construct_ws/src/cartographer_slam) by extension 'ignore_ament_install'
[1.922s] Level 1:colcon.colcon_core.package_identification:_identify(/home/kazim/construct_ws/src/cartographer_slam) by extensions ['colcon_pkg']
[1.922s] Level 1:colcon.colcon_core.package_identification:_identify(/home/kazim/construct_ws/src/cartographer_slam) by extension 'colcon_pkg'
[1.922s] Level 1:colcon.colcon_core.package_identification:_identify(/home/kazim/construct_ws/src/cartographer_slam) by extensions ['colcon_meta']
[1.922s] Level 1:colcon.colcon_core.package_identification:_identify(/home/kazim/construct_ws/src/cartographer_slam) by extension 'colcon_meta'
[1.922s] Level 1:colcon.colcon_core.package_identification:_identify(/home/kazim/construct_ws/src/cartographer_slam) by extensions ['ros']
[1.922s] Level 1:colcon.colcon_core.package_identification:_identify(/home/kazim/construct_ws/src/cartographer_slam) by extension 'ros'
[1.925s] DEBUG:colcon.colcon_core.package_identification:Package '/home/kazim/construct_ws/src/cartographer_slam' with type 'ros.ament_python' and name 'cartographer_slam'
[1.925s] Level 1:colcon.colcon_core.package_identification:_identify(/home/kazim/construct_ws/src/localization_server) by extensions ['ignore', 'ignore_ament_install']
[1.925s] Level 1:colcon.colcon_core.package_identification:_identify(/home/kazim/construct_ws/src/localization_server) by extension 'ignore'
[1.925s] Level 1:colcon.colcon_core.package_identification:_identify(/home/kazim/construct_ws/src/localization_server) by extension 'ignore_ament_install'
[1.925s] Level 1:colcon.colcon_core.package_identification:_identify(/home/kazim/construct_ws/src/localization_server) by extensions ['colcon_pkg']
[1.925s] Level 1:colcon.colcon_core.package_identification:_identify(/home/kazim/construct_ws/src/localization_server) by extension 'colcon_pkg'
[1.925s] Level 1:colcon.colcon_core.package_identification:_identify(/home/kazim/construct_ws/src/localization_server) by extensions ['colcon_meta']
[1.925s] Level 1:colcon.colcon_core.package_identification:_identify(/home/kazim/construct_ws/src/localization_server) by extension 'colcon_meta'
[1.925s] Level 1:colcon.colcon_core.package_identification:_identify(/home/kazim/construct_ws/src/localization_server) by extensions ['ros']
[1.925s] Level 1:colcon.colcon_core.package_identification:_identify(/home/kazim/construct_ws/src/localization_server) by extension 'ros'
[1.926s] DEBUG:colcon.colcon_core.package_identification:Package '/home/kazim/construct_ws/src/localization_server' with type 'ros.ament_python' and name 'localization_server'
[1.926s] Level 1:colcon.colcon_core.package_identification:_identify(/home/kazim/construct_ws/src/map_server) by extensions ['ignore', 'ignore_ament_install']
[1.926s] Level 1:colcon.colcon_core.package_identification:_identify(/home/kazim/construct_ws/src/map_server) by extension 'ignore'
[1.926s] Level 1:colcon.colcon_core.package_identification:_identify(/home/kazim/construct_ws/src/map_server) by extension 'ignore_ament_install'
[1.926s] Level 1:colcon.colcon_core.package_identification:_identify(/home/kazim/construct_ws/src/map_server) by extensions ['colcon_pkg']
[1.926s] Level 1:colcon.colcon_core.package_identification:_identify(/home/kazim/construct_ws/src/map_server) by extension 'colcon_pkg'
[1.926s] Level 1:colcon.colcon_core.package_identification:_identify(/home/kazim/construct_ws/src/map_server) by extensions ['colcon_meta']
[1.926s] Level 1:colcon.colcon_core.package_identification:_identify(/home/kazim/construct_ws/src/map_server) by extension 'colcon_meta'
[1.926s] Level 1:colcon.colcon_core.package_identification:_identify(/home/kazim/construct_ws/src/map_server) by extensions ['ros']
[1.926s] Level 1:colcon.colcon_core.package_identification:_identify(/home/kazim/construct_ws/src/map_server) by extension 'ros'
[1.927s] DEBUG:colcon.colcon_core.package_identification:Package '/home/kazim/construct_ws/src/map_server' with type 'ros.ament_python' and name 'map_server'
[1.927s] Level 1:colcon.colcon_core.package_identification:_identify(/home/kazim/construct_ws/src/my_package) by extensions ['ignore', 'ignore_ament_install']
[1.927s] Level 1:colcon.colcon_core.package_identification:_identify(/home/kazim/construct_ws/src/my_package) by extension 'ignore'
[1.927s] Level 1:colcon.colcon_core.package_identification:_identify(/home/kazim/construct_ws/src/my_package) by extension 'ignore_ament_install'
[1.927s] Level 1:colcon.colcon_core.package_identification:_identify(/home/kazim/construct_ws/src/my_package) by extensions ['colcon_pkg']
[1.927s] Level 1:colcon.colcon_core.package_identification:_identify(/home/kazim/construct_ws/src/my_package) by extension 'colcon_pkg'
[1.927s] Level 1:colcon.colcon_core.package_identification:_identify(/home/kazim/construct_ws/src/my_package) by extensions ['colcon_meta']
[1.927s] Level 1:colcon.colcon_core.package_identification:_identify(/home/kazim/construct_ws/src/my_package) by extension 'colcon_meta'
[1.927s] Level 1:colcon.colcon_core.package_identification:_identify(/home/kazim/construct_ws/src/my_package) by extensions ['ros']
[1.927s] Level 1:colcon.colcon_core.package_identification:_identify(/home/kazim/construct_ws/src/my_package) by extension 'ros'
[1.928s] DEBUG:colcon.colcon_core.package_identification:Package '/home/kazim/construct_ws/src/my_package' with type 'ros.ament_python' and name 'my_package'
[1.928s] Level 1:colcon.colcon_core.package_identification:_identify(/home/kazim/construct_ws/src/path_planner_server) by extensions ['ignore', 'ignore_ament_install']
[1.928s] Level 1:colcon.colcon_core.package_identification:_identify(/home/kazim/construct_ws/src/path_planner_server) by extension 'ignore'
[1.928s] Level 1:colcon.colcon_core.package_identification:_identify(/home/kazim/construct_ws/src/path_planner_server) by extension 'ignore_ament_install'
[1.928s] Level 1:colcon.colcon_core.package_identification:_identify(/home/kazim/construct_ws/src/path_planner_server) by extensions ['colcon_pkg']
[1.928s] Level 1:colcon.colcon_core.package_identification:_identify(/home/kazim/construct_ws/src/path_planner_server) by extension 'colcon_pkg'
[1.928s] Level 1:colcon.colcon_core.package_identification:_identify(/home/kazim/construct_ws/src/path_planner_server) by extensions ['colcon_meta']
[1.928s] Level 1:colcon.colcon_core.package_identification:_identify(/home/kazim/construct_ws/src/path_planner_server) by extension 'colcon_meta'
[1.928s] Level 1:colcon.colcon_core.package_identification:_identify(/home/kazim/construct_ws/src/path_planner_server) by extensions ['ros']
[1.928s] Level 1:colcon.colcon_core.package_identification:_identify(/home/kazim/construct_ws/src/path_planner_server) by extension 'ros'
[1.929s] DEBUG:colcon.colcon_core.package_identification:Package '/home/kazim/construct_ws/src/path_planner_server' with type 'ros.ament_python' and name 'path_planner_server'
[1.929s] Level 1:colcon.colcon_core.package_identification:_identify(/home/kazim/construct_ws/src/ros2_nav_files) by extensions ['ignore', 'ignore_ament_install']
[1.929s] Level 1:colcon.colcon_core.package_identification:_identify(/home/kazim/construct_ws/src/ros2_nav_files) by extension 'ignore'
[1.929s] Level 1:colcon.colcon_core.package_identification:_identify(/home/kazim/construct_ws/src/ros2_nav_files) by extension 'ignore_ament_install'
[1.929s] Level 1:colcon.colcon_core.package_identification:_identify(/home/kazim/construct_ws/src/ros2_nav_files) by extensions ['colcon_pkg']
[1.929s] Level 1:colcon.colcon_core.package_identification:_identify(/home/kazim/construct_ws/src/ros2_nav_files) by extension 'colcon_pkg'
[1.929s] Level 1:colcon.colcon_core.package_identification:_identify(/home/kazim/construct_ws/src/ros2_nav_files) by extensions ['colcon_meta']
[1.929s] Level 1:colcon.colcon_core.package_identification:_identify(/home/kazim/construct_ws/src/ros2_nav_files) by extension 'colcon_meta'
[1.929s] Level 1:colcon.colcon_core.package_identification:_identify(/home/kazim/construct_ws/src/ros2_nav_files) by extensions ['ros']
[1.929s] Level 1:colcon.colcon_core.package_identification:_identify(/home/kazim/construct_ws/src/ros2_nav_files) by extension 'ros'
[1.929s] Level 1:colcon.colcon_core.package_identification:_identify(/home/kazim/construct_ws/src/ros2_nav_files) by extensions ['cmake', 'python']
[1.929s] Level 1:colcon.colcon_core.package_identification:_identify(/home/kazim/construct_ws/src/ros2_nav_files) by extension 'cmake'
[1.929s] Level 1:colcon.colcon_core.package_identification:_identify(/home/kazim/construct_ws/src/ros2_nav_files) by extension 'python'
[1.929s] Level 1:colcon.colcon_core.package_identification:_identify(/home/kazim/construct_ws/src/ros2_nav_files) by extensions ['python_setup_py']
[1.929s] Level 1:colcon.colcon_core.package_identification:_identify(/home/kazim/construct_ws/src/ros2_nav_files) by extension 'python_setup_py'
[1.929s] Level 1:colcon.colcon_core.package_identification:_identify(/home/kazim/construct_ws/src/ros2_nav_files/nav2_course) by extensions ['ignore', 'ignore_ament_install']
[1.930s] Level 1:colcon.colcon_core.package_identification:_identify(/home/kazim/construct_ws/src/ros2_nav_files/nav2_course) by extension 'ignore'
[1.930s] Level 1:colcon.colcon_core.package_identification:_identify(/home/kazim/construct_ws/src/ros2_nav_files/nav2_course) by extension 'ignore_ament_install'
[1.930s] Level 1:colcon.colcon_core.package_identification:_identify(/home/kazim/construct_ws/src/ros2_nav_files/nav2_course) by extensions ['colcon_pkg']
[1.930s] Level 1:colcon.colcon_core.package_identification:_identify(/home/kazim/construct_ws/src/ros2_nav_files/nav2_course) by extension 'colcon_pkg'
[1.930s] Level 1:colcon.colcon_core.package_identification:_identify(/home/kazim/construct_ws/src/ros2_nav_files/nav2_course) by extensions ['colcon_meta']
[1.930s] Level 1:colcon.colcon_core.package_identification:_identify(/home/kazim/construct_ws/src/ros2_nav_files/nav2_course) by extension 'colcon_meta'
[1.930s] Level 1:colcon.colcon_core.package_identification:_identify(/home/kazim/construct_ws/src/ros2_nav_files/nav2_course) by extensions ['ros']
[1.930s] Level 1:colcon.colcon_core.package_identification:_identify(/home/kazim/construct_ws/src/ros2_nav_files/nav2_course) by extension 'ros'
[1.930s] DEBUG:colcon.colcon_core.package_identification:Package '/home/kazim/construct_ws/src/ros2_nav_files/nav2_course' with type 'ros.ament_cmake' and name 'nav2_course'
[1.931s] Level 1:colcon.colcon_core.package_identification:_identify(/home/kazim/construct_ws/src/ros2_nav_files/nav2_project) by extensions ['ignore', 'ignore_ament_install']
[1.931s] Level 1:colcon.colcon_core.package_identification:_identify(/home/kazim/construct_ws/src/ros2_nav_files/nav2_project) by extension 'ignore'
[1.931s] Level 1:colcon.colcon_core.package_identification:_identify(/home/kazim/construct_ws/src/ros2_nav_files/nav2_project) by extension 'ignore_ament_install'
[1.931s] Level 1:colcon.colcon_core.package_identification:_identify(/home/kazim/construct_ws/src/ros2_nav_files/nav2_project) by extensions ['colcon_pkg']
[1.931s] Level 1:colcon.colcon_core.package_identification:_identify(/home/kazim/construct_ws/src/ros2_nav_files/nav2_project) by extension 'colcon_pkg'
[1.931s] Level 1:colcon.colcon_core.package_identification:_identify(/home/kazim/construct_ws/src/ros2_nav_files/nav2_project) by extensions ['colcon_meta']
[1.931s] Level 1:colcon.colcon_core.package_identification:_identify(/home/kazim/construct_ws/src/ros2_nav_files/nav2_project) by extension 'colcon_meta'
[1.931s] Level 1:colcon.colcon_core.package_identification:_identify(/home/kazim/construct_ws/src/ros2_nav_files/nav2_project) by extensions ['ros']
[1.931s] Level 1:colcon.colcon_core.package_identification:_identify(/home/kazim/construct_ws/src/ros2_nav_files/nav2_project) by extension 'ros'
[1.931s] DEBUG:colcon.colcon_core.package_identification:Package '/home/kazim/construct_ws/src/ros2_nav_files/nav2_project' with type 'ros.ament_python' and name 'nav2_project'
[1.932s] Level 1:colcon.colcon_core.package_identification:_identify(/home/kazim/construct_ws/src/ros2_nav_files/rviz) by extensions ['ignore', 'ignore_ament_install']
[1.932s] Level 1:colcon.colcon_core.package_identification:_identify(/home/kazim/construct_ws/src/ros2_nav_files/rviz) by extension 'ignore'
[1.932s] Level 1:colcon.colcon_core.package_identification:_identify(/home/kazim/construct_ws/src/ros2_nav_files/rviz) by extension 'ignore_ament_install'
[1.932s] Level 1:colcon.colcon_core.package_identification:_identify(/home/kazim/construct_ws/src/ros2_nav_files/rviz) by extensions ['colcon_pkg']
[1.932s] Level 1:colcon.colcon_core.package_identification:_identify(/home/kazim/construct_ws/src/ros2_nav_files/rviz) by extension 'colcon_pkg'
[1.932s] Level 1:colcon.colcon_core.package_identification:_identify(/home/kazim/construct_ws/src/ros2_nav_files/rviz) by extensions ['colcon_meta']
[1.932s] Level 1:colcon.colcon_core.package_identification:_identify(/home/kazim/construct_ws/src/ros2_nav_files/rviz) by extension 'colcon_meta'
[1.932s] Level 1:colcon.colcon_core.package_identification:_identify(/home/kazim/construct_ws/src/ros2_nav_files/rviz) by extensions ['ros']
[1.932s] Level 1:colcon.colcon_core.package_identification:_identify(/home/kazim/construct_ws/src/ros2_nav_files/rviz) by extension 'ros'
[1.932s] Level 1:colcon.colcon_core.package_identification:_identify(/home/kazim/construct_ws/src/ros2_nav_files/rviz) by extensions ['cmake', 'python']
[1.932s] Level 1:colcon.colcon_core.package_identification:_identify(/home/kazim/construct_ws/src/ros2_nav_files/rviz) by extension 'cmake'
[1.932s] Level 1:colcon.colcon_core.package_identification:_identify(/home/kazim/construct_ws/src/ros2_nav_files/rviz) by extension 'python'
[1.932s] Level 1:colcon.colcon_core.package_identification:_identify(/home/kazim/construct_ws/src/ros2_nav_files/rviz) by extensions ['python_setup_py']
[1.932s] Level 1:colcon.colcon_core.package_identification:_identify(/home/kazim/construct_ws/src/ros2_nav_files/rviz) by extension 'python_setup_py'
[1.932s] Level 1:colcon.colcon_core.package_identification:_identify(/home/kazim/construct_ws/src/rviz2) by extensions ['ignore', 'ignore_ament_install']
[1.932s] Level 1:colcon.colcon_core.package_identification:_identify(/home/kazim/construct_ws/src/rviz2) by extension 'ignore'
[1.932s] Level 1:colcon.colcon_core.package_identification:_identify(/home/kazim/construct_ws/src/rviz2) by extension 'ignore_ament_install'
[1.932s] Level 1:colcon.colcon_core.package_identification:_identify(/home/kazim/construct_ws/src/rviz2) by extensions ['colcon_pkg']
[1.932s] Level 1:colcon.colcon_core.package_identification:_identify(/home/kazim/construct_ws/src/rviz2) by extension 'colcon_pkg'
[1.932s] Level 1:colcon.colcon_core.package_identification:_identify(/home/kazim/construct_ws/src/rviz2) by extensions ['colcon_meta']
[1.932s] Level 1:colcon.colcon_core.package_identification:_identify(/home/kazim/construct_ws/src/rviz2) by extension 'colcon_meta'
[1.933s] Level 1:colcon.colcon_core.package_identification:_identify(/home/kazim/construct_ws/src/rviz2) by extensions ['ros']
[1.933s] Level 1:colcon.colcon_core.package_identification:_identify(/home/kazim/construct_ws/src/rviz2) by extension 'ros'
[1.933s] Level 1:colcon.colcon_core.package_identification:_identify(/home/kazim/construct_ws/src/rviz2) by extensions ['cmake', 'python']
[1.933s] Level 1:colcon.colcon_core.package_identification:_identify(/home/kazim/construct_ws/src/rviz2) by extension 'cmake'
[1.933s] Level 1:colcon.colcon_core.package_identification:_identify(/home/kazim/construct_ws/src/rviz2) by extension 'python'
[1.933s] Level 1:colcon.colcon_core.package_identification:_identify(/home/kazim/construct_ws/src/rviz2) by extensions ['python_setup_py']
[1.933s] Level 1:colcon.colcon_core.package_identification:_identify(/home/kazim/construct_ws/src/rviz2) by extension 'python_setup_py'
[1.933s] Level 1:colcon.colcon_core.package_identification:_identify(/home/kazim/construct_ws/src/turtlebot3_gazebo) by extensions ['ignore', 'ignore_ament_install']
[1.933s] Level 1:colcon.colcon_core.package_identification:_identify(/home/kazim/construct_ws/src/turtlebot3_gazebo) by extension 'ignore'
[1.933s] Level 1:colcon.colcon_core.package_identification:_identify(/home/kazim/construct_ws/src/turtlebot3_gazebo) by extension 'ignore_ament_install'
[1.933s] Level 1:colcon.colcon_core.package_identification:_identify(/home/kazim/construct_ws/src/turtlebot3_gazebo) by extensions ['colcon_pkg']
[1.933s] Level 1:colcon.colcon_core.package_identification:_identify(/home/kazim/construct_ws/src/turtlebot3_gazebo) by extension 'colcon_pkg'
[1.933s] Level 1:colcon.colcon_core.package_identification:_identify(/home/kazim/construct_ws/src/turtlebot3_gazebo) by extensions ['colcon_meta']
[1.933s] Level 1:colcon.colcon_core.package_identification:_identify(/home/kazim/construct_ws/src/turtlebot3_gazebo) by extension 'colcon_meta'
[1.933s] Level 1:colcon.colcon_core.package_identification:_identify(/home/kazim/construct_ws/src/turtlebot3_gazebo) by extensions ['ros']
[1.933s] Level 1:colcon.colcon_core.package_identification:_identify(/home/kazim/construct_ws/src/turtlebot3_gazebo) by extension 'ros'
[1.934s] DEBUG:colcon.colcon_core.package_identification:Package '/home/kazim/construct_ws/src/turtlebot3_gazebo' with type 'ros.ament_cmake' and name 'turtlebot3_gazebo'
[1.934s] Level 1:colcon.colcon_core.package_discovery:discover_packages(recursive) using defaults
