[4.066s] Invoking command in '/home/kazim/construct_ws/src/path_planner_server': PYTHONPATH=/home/kazim/construct_ws/build/path_planner_server/prefix_override:/home/kazim/construct_ws/install/path_planner_server/lib/python3.10/site-packages:${PYTHONPATH} /usr/bin/python3 setup.py egg_info --egg-base ../../build/path_planner_server build --build-base /home/kazim/construct_ws/build/path_planner_server/build install --record /home/kazim/construct_ws/build/path_planner_server/install.log --single-version-externally-managed
[4.465s] running egg_info
[4.467s] writing ../../build/path_planner_server/path_planner_server.egg-info/PKG-INFO
[4.467s] writing dependency_links to ../../build/path_planner_server/path_planner_server.egg-info/dependency_links.txt
[4.467s] writing entry points to ../../build/path_planner_server/path_planner_server.egg-info/entry_points.txt
[4.468s] writing requirements to ../../build/path_planner_server/path_planner_server.egg-info/requires.txt
[4.468s] writing top-level names to ../../build/path_planner_server/path_planner_server.egg-info/top_level.txt
[4.471s] reading manifest file '../../build/path_planner_server/path_planner_server.egg-info/SOURCES.txt'
[4.472s] writing manifest file '../../build/path_planner_server/path_planner_server.egg-info/SOURCES.txt'
[4.472s] running build
[4.472s] running build_py
[4.472s] running install
[4.473s] running install_lib
[4.475s] running install_data
[4.476s] running install_egg_info
[4.479s] removing '/home/kazim/construct_ws/install/path_planner_server/lib/python3.10/site-packages/path_planner_server-0.0.0-py3.10.egg-info' (and everything under it)
[4.479s] Copying ../../build/path_planner_server/path_planner_server.egg-info to /home/kazim/construct_ws/install/path_planner_server/lib/python3.10/site-packages/path_planner_server-0.0.0-py3.10.egg-info
[4.480s] running install_scripts
[4.518s] writing list of installed files to '/home/kazim/construct_ws/build/path_planner_server/install.log'
[4.818s] Invoked command in '/home/kazim/construct_ws/src/path_planner_server' returned '0': PYTHONPATH=/home/kazim/construct_ws/build/path_planner_server/prefix_override:/home/kazim/construct_ws/install/path_planner_server/lib/python3.10/site-packages:${PYTHONPATH} /usr/bin/python3 setup.py egg_info --egg-base ../../build/path_planner_server build --build-base /home/kazim/construct_ws/build/path_planner_server/build install --record /home/kazim/construct_ws/build/path_planner_server/install.log --single-version-externally-managed
