running egg_info
creating ../../build/path_planner_server/path_planner_server.egg-info
writing ../../build/path_planner_server/path_planner_server.egg-info/PKG-INFO
writing dependency_links to ../../build/path_planner_server/path_planner_server.egg-info/dependency_links.txt
writing entry points to ../../build/path_planner_server/path_planner_server.egg-info/entry_points.txt
writing requirements to ../../build/path_planner_server/path_planner_server.egg-info/requires.txt
writing top-level names to ../../build/path_planner_server/path_planner_server.egg-info/top_level.txt
writing manifest file '../../build/path_planner_server/path_planner_server.egg-info/SOURCES.txt'
reading manifest file '../../build/path_planner_server/path_planner_server.egg-info/SOURCES.txt'
writing manifest file '../../build/path_planner_server/path_planner_server.egg-info/SOURCES.txt'
running build
running build_py
creating /home/kazim/construct_ws/build/path_planner_server/build
creating /home/kazim/construct_ws/build/path_planner_server/build/lib
creating /home/kazim/construct_ws/build/path_planner_server/build/lib/path_planner_server
copying path_planner_server/__init__.py -> /home/kazim/construct_ws/build/path_planner_server/build/lib/path_planner_server
running install
running install_lib
creating /home/kazim/construct_ws/install/path_planner_server/lib/python3.10/site-packages/path_planner_server
copying /home/kazim/construct_ws/build/path_planner_server/build/lib/path_planner_server/__init__.py -> /home/kazim/construct_ws/install/path_planner_server/lib/python3.10/site-packages/path_planner_server
byte-compiling /home/kazim/construct_ws/install/path_planner_server/lib/python3.10/site-packages/path_planner_server/__init__.py to __init__.cpython-310.pyc
running install_data
creating /home/kazim/construct_ws/install/path_planner_server/share/ament_index
creating /home/kazim/construct_ws/install/path_planner_server/share/ament_index/resource_index
creating /home/kazim/construct_ws/install/path_planner_server/share/ament_index/resource_index/packages
copying resource/path_planner_server -> /home/kazim/construct_ws/install/path_planner_server/share/ament_index/resource_index/packages
copying package.xml -> /home/kazim/construct_ws/install/path_planner_server/share/path_planner_server
creating /home/kazim/construct_ws/install/path_planner_server/share/path_planner_server/launch
copying launch/pathplanner.launch.py -> /home/kazim/construct_ws/install/path_planner_server/share/path_planner_server/launch
copying launch/multi_pathplanner.launch.py -> /home/kazim/construct_ws/install/path_planner_server/share/path_planner_server/launch
creating /home/kazim/construct_ws/install/path_planner_server/share/path_planner_server/config
copying config/nav2_params.yaml -> /home/kazim/construct_ws/install/path_planner_server/share/path_planner_server/config
copying config/recovery.yaml -> /home/kazim/construct_ws/install/path_planner_server/share/path_planner_server/config
copying config/behavior.xml -> /home/kazim/construct_ws/install/path_planner_server/share/path_planner_server/config
copying config/nav2_params_1.yaml -> /home/kazim/construct_ws/install/path_planner_server/share/path_planner_server/config
copying config/controller.yaml -> /home/kazim/construct_ws/install/path_planner_server/share/path_planner_server/config
copying config/nav2_params_2.yaml -> /home/kazim/construct_ws/install/path_planner_server/share/path_planner_server/config
copying config/bt_navigator.yaml -> /home/kazim/construct_ws/install/path_planner_server/share/path_planner_server/config
copying config/planner_server.yaml -> /home/kazim/construct_ws/install/path_planner_server/share/path_planner_server/config
running install_egg_info
Copying ../../build/path_planner_server/path_planner_server.egg-info to /home/kazim/construct_ws/install/path_planner_server/lib/python3.10/site-packages/path_planner_server-0.0.0-py3.10.egg-info
running install_scripts
writing list of installed files to '/home/kazim/construct_ws/build/path_planner_server/install.log'
