[4.058s] Invoking command in '/home/kazim/construct_ws/src/path_planner_server': PYTHONPATH=/home/kazim/construct_ws/build/path_planner_server/prefix_override:/home/kazim/construct_ws/install/path_planner_server/lib/python3.10/site-packages:${PYTHONPATH} /usr/bin/python3 setup.py egg_info --egg-base ../../build/path_planner_server build --build-base /home/kazim/construct_ws/build/path_planner_server/build install --record /home/kazim/construct_ws/build/path_planner_server/install.log --single-version-externally-managed
[4.481s] running egg_info
[4.481s] creating ../../build/path_planner_server/path_planner_server.egg-info
[4.482s] writing ../../build/path_planner_server/path_planner_server.egg-info/PKG-INFO
[4.482s] writing dependency_links to ../../build/path_planner_server/path_planner_server.egg-info/dependency_links.txt
[4.482s] writing entry points to ../../build/path_planner_server/path_planner_server.egg-info/entry_points.txt
[4.482s] writing requirements to ../../build/path_planner_server/path_planner_server.egg-info/requires.txt
[4.482s] writing top-level names to ../../build/path_planner_server/path_planner_server.egg-info/top_level.txt
[4.483s] writing manifest file '../../build/path_planner_server/path_planner_server.egg-info/SOURCES.txt'
[4.488s] reading manifest file '../../build/path_planner_server/path_planner_server.egg-info/SOURCES.txt'
[4.489s] writing manifest file '../../build/path_planner_server/path_planner_server.egg-info/SOURCES.txt'
[4.490s] running build
[4.490s] running build_py
[4.490s] creating /home/kazim/construct_ws/build/path_planner_server/build
[4.490s] creating /home/kazim/construct_ws/build/path_planner_server/build/lib
[4.490s] creating /home/kazim/construct_ws/build/path_planner_server/build/lib/path_planner_server
[4.490s] copying path_planner_server/__init__.py -> /home/kazim/construct_ws/build/path_planner_server/build/lib/path_planner_server
[4.491s] running install
[4.491s] running install_lib
[4.493s] creating /home/kazim/construct_ws/install/path_planner_server/lib/python3.10/site-packages/path_planner_server
[4.493s] copying /home/kazim/construct_ws/build/path_planner_server/build/lib/path_planner_server/__init__.py -> /home/kazim/construct_ws/install/path_planner_server/lib/python3.10/site-packages/path_planner_server
[4.494s] byte-compiling /home/kazim/construct_ws/install/path_planner_server/lib/python3.10/site-packages/path_planner_server/__init__.py to __init__.cpython-310.pyc
[4.494s] running install_data
[4.496s] creating /home/kazim/construct_ws/install/path_planner_server/share/ament_index
[4.496s] creating /home/kazim/construct_ws/install/path_planner_server/share/ament_index/resource_index
[4.496s] creating /home/kazim/construct_ws/install/path_planner_server/share/ament_index/resource_index/packages
[4.496s] copying resource/path_planner_server -> /home/kazim/construct_ws/install/path_planner_server/share/ament_index/resource_index/packages
[4.496s] copying package.xml -> /home/kazim/construct_ws/install/path_planner_server/share/path_planner_server
[4.496s] creating /home/kazim/construct_ws/install/path_planner_server/share/path_planner_server/launch
[4.496s] copying launch/pathplanner.launch.py -> /home/kazim/construct_ws/install/path_planner_server/share/path_planner_server/launch
[4.496s] copying launch/multi_pathplanner.launch.py -> /home/kazim/construct_ws/install/path_planner_server/share/path_planner_server/launch
[4.497s] creating /home/kazim/construct_ws/install/path_planner_server/share/path_planner_server/config
[4.497s] copying config/nav2_params.yaml -> /home/kazim/construct_ws/install/path_planner_server/share/path_planner_server/config
[4.497s] copying config/recovery.yaml -> /home/kazim/construct_ws/install/path_planner_server/share/path_planner_server/config
[4.497s] copying config/behavior.xml -> /home/kazim/construct_ws/install/path_planner_server/share/path_planner_server/config
[4.498s] copying config/nav2_params_1.yaml -> /home/kazim/construct_ws/install/path_planner_server/share/path_planner_server/config
[4.498s] copying config/controller.yaml -> /home/kazim/construct_ws/install/path_planner_server/share/path_planner_server/config
[4.498s] copying config/nav2_params_2.yaml -> /home/kazim/construct_ws/install/path_planner_server/share/path_planner_server/config
[4.499s] copying config/bt_navigator.yaml -> /home/kazim/construct_ws/install/path_planner_server/share/path_planner_server/config
[4.499s] copying config/planner_server.yaml -> /home/kazim/construct_ws/install/path_planner_server/share/path_planner_server/config
[4.499s] running install_egg_info
[4.503s] Copying ../../build/path_planner_server/path_planner_server.egg-info to /home/kazim/construct_ws/install/path_planner_server/lib/python3.10/site-packages/path_planner_server-0.0.0-py3.10.egg-info
[4.505s] running install_scripts
[4.542s] writing list of installed files to '/home/kazim/construct_ws/build/path_planner_server/install.log'
[4.965s] Invoked command in '/home/kazim/construct_ws/src/path_planner_server' returned '0': PYTHONPATH=/home/kazim/construct_ws/build/path_planner_server/prefix_override:/home/kazim/construct_ws/install/path_planner_server/lib/python3.10/site-packages:${PYTHONPATH} /usr/bin/python3 setup.py egg_info --egg-base ../../build/path_planner_server build --build-base /home/kazim/construct_ws/build/path_planner_server/build install --record /home/kazim/construct_ws/build/path_planner_server/install.log --single-version-externally-managed
