[3.463s] Invoking command in '/home/kazim/construct_ws/src/ros2_nav_files/nav2_project': PYTHONPATH=/home/kazim/construct_ws/build/nav2_project/prefix_override:/home/kazim/construct_ws/install/nav2_project/lib/python3.10/site-packages:${PYTHONPATH} /usr/bin/python3 setup.py egg_info --egg-base ../../../build/nav2_project build --build-base /home/kazim/construct_ws/build/nav2_project/build install --record /home/kazim/construct_ws/build/nav2_project/install.log --single-version-externally-managed
[3.985s] running egg_info
[3.986s] writing ../../../build/nav2_project/nav2_project.egg-info/PKG-INFO
[3.986s] writing dependency_links to ../../../build/nav2_project/nav2_project.egg-info/dependency_links.txt
[3.986s] writing entry points to ../../../build/nav2_project/nav2_project.egg-info/entry_points.txt
[3.987s] writing requirements to ../../../build/nav2_project/nav2_project.egg-info/requires.txt
[3.987s] writing top-level names to ../../../build/nav2_project/nav2_project.egg-info/top_level.txt
[3.991s] reading manifest file '../../../build/nav2_project/nav2_project.egg-info/SOURCES.txt'
[3.992s] writing manifest file '../../../build/nav2_project/nav2_project.egg-info/SOURCES.txt'
[3.992s] running build
[3.992s] running build_py
[3.992s] running install
[3.993s] running install_lib
[3.994s] running install_data
[3.996s] running install_egg_info
[3.999s] removing '/home/kazim/construct_ws/install/nav2_project/lib/python3.10/site-packages/nav2_project-0.0.0-py3.10.egg-info' (and everything under it)
[3.999s] Copying ../../../build/nav2_project/nav2_project.egg-info to /home/kazim/construct_ws/install/nav2_project/lib/python3.10/site-packages/nav2_project-0.0.0-py3.10.egg-info
[3.999s] running install_scripts
[4.027s] Installing go_to_pose script to /home/kazim/construct_ws/install/nav2_project/lib/nav2_project
[4.028s] Installing spot_recorder script to /home/kazim/construct_ws/install/nav2_project/lib/nav2_project
[4.028s] writing list of installed files to '/home/kazim/construct_ws/build/nav2_project/install.log'
[4.405s] Invoked command in '/home/kazim/construct_ws/src/ros2_nav_files/nav2_project' returned '0': PYTHONPATH=/home/kazim/construct_ws/build/nav2_project/prefix_override:/home/kazim/construct_ws/install/nav2_project/lib/python3.10/site-packages:${PYTHONPATH} /usr/bin/python3 setup.py egg_info --egg-base ../../../build/nav2_project build --build-base /home/kazim/construct_ws/build/nav2_project/build install --record /home/kazim/construct_ws/build/nav2_project/install.log --single-version-externally-managed
