[3.777s] Invoking command in '/home/kazim/construct_ws/src/autonomous_tb3': PYTHONPATH=/home/kazim/construct_ws/build/autonomous_tb3/prefix_override:/home/kazim/construct_ws/install/autonomous_tb3/lib/python3.10/site-packages:${PYTHONPATH} /usr/bin/python3 setup.py egg_info --egg-base ../../build/autonomous_tb3 build --build-base /home/kazim/construct_ws/build/autonomous_tb3/build install --record /home/kazim/construct_ws/build/autonomous_tb3/install.log --single-version-externally-managed
[4.094s] running egg_info
[4.095s] writing ../../build/autonomous_tb3/autonomous_tb3.egg-info/PKG-INFO
[4.095s] writing dependency_links to ../../build/autonomous_tb3/autonomous_tb3.egg-info/dependency_links.txt
[4.095s] writing entry points to ../../build/autonomous_tb3/autonomous_tb3.egg-info/entry_points.txt
[4.095s] writing requirements to ../../build/autonomous_tb3/autonomous_tb3.egg-info/requires.txt
[4.095s] writing top-level names to ../../build/autonomous_tb3/autonomous_tb3.egg-info/top_level.txt
[4.098s] reading manifest file '../../build/autonomous_tb3/autonomous_tb3.egg-info/SOURCES.txt'
[4.098s] writing manifest file '../../build/autonomous_tb3/autonomous_tb3.egg-info/SOURCES.txt'
[4.098s] running build
[4.098s] running build_py
[4.099s] running install
[4.100s] running install_lib
[4.100s] running install_data
[4.103s] running install_egg_info
[4.104s] removing '/home/kazim/construct_ws/install/autonomous_tb3/lib/python3.10/site-packages/autonomous_tb3-0.0.0-py3.10.egg-info' (and everything under it)
[4.105s] Copying ../../build/autonomous_tb3/autonomous_tb3.egg-info to /home/kazim/construct_ws/install/autonomous_tb3/lib/python3.10/site-packages/autonomous_tb3-0.0.0-py3.10.egg-info
[4.105s] running install_scripts
[4.119s] Installing autonomous_waiter script to /home/kazim/construct_ws/install/autonomous_tb3/lib/autonomous_tb3
[4.119s] Installing autonomous_waiter_lite script to /home/kazim/construct_ws/install/autonomous_tb3/lib/autonomous_tb3
[4.119s] Installing maze_solver script to /home/kazim/construct_ws/install/autonomous_tb3/lib/autonomous_tb3
[4.119s] Installing occupancy_grid_pub script to /home/kazim/construct_ws/install/autonomous_tb3/lib/autonomous_tb3
[4.119s] Installing sdf_spawner script to /home/kazim/construct_ws/install/autonomous_tb3/lib/autonomous_tb3
[4.120s] writing list of installed files to '/home/kazim/construct_ws/build/autonomous_tb3/install.log'
[4.426s] Invoked command in '/home/kazim/construct_ws/src/autonomous_tb3' returned '0': PYTHONPATH=/home/kazim/construct_ws/build/autonomous_tb3/prefix_override:/home/kazim/construct_ws/install/autonomous_tb3/lib/python3.10/site-packages:${PYTHONPATH} /usr/bin/python3 setup.py egg_info --egg-base ../../build/autonomous_tb3 build --build-base /home/kazim/construct_ws/build/autonomous_tb3/build install --record /home/kazim/construct_ws/build/autonomous_tb3/install.log --single-version-externally-managed
