[4.001s] Invoking command in '/home/kazim/construct_ws/src/cartographer_slam': PYTHONPATH=/home/kazim/construct_ws/build/cartographer_slam/prefix_override:/home/kazim/construct_ws/install/cartographer_slam/lib/python3.10/site-packages:${PYTHONPATH} /usr/bin/python3 setup.py egg_info --egg-base ../../build/cartographer_slam build --build-base /home/kazim/construct_ws/build/cartographer_slam/build install --record /home/kazim/construct_ws/build/cartographer_slam/install.log --single-version-externally-managed
[4.392s] running egg_info
[4.393s] writing ../../build/cartographer_slam/cartographer_slam.egg-info/PKG-INFO
[4.393s] writing dependency_links to ../../build/cartographer_slam/cartographer_slam.egg-info/dependency_links.txt
[4.393s] writing entry points to ../../build/cartographer_slam/cartographer_slam.egg-info/entry_points.txt
[4.393s] writing requirements to ../../build/cartographer_slam/cartographer_slam.egg-info/requires.txt
[4.393s] writing top-level names to ../../build/cartographer_slam/cartographer_slam.egg-info/top_level.txt
[4.397s] reading manifest file '../../build/cartographer_slam/cartographer_slam.egg-info/SOURCES.txt'
[4.398s] writing manifest file '../../build/cartographer_slam/cartographer_slam.egg-info/SOURCES.txt'
[4.398s] running build
[4.398s] running build_py
[4.398s] running install
[4.398s] running install_lib
[4.401s] running install_data
[4.402s] running install_egg_info
[4.403s] removing '/home/kazim/construct_ws/install/cartographer_slam/lib/python3.10/site-packages/cartographer_slam-0.0.0-py3.10.egg-info' (and everything under it)
[4.403s] Copying ../../build/cartographer_slam/cartographer_slam.egg-info to /home/kazim/construct_ws/install/cartographer_slam/lib/python3.10/site-packages/cartographer_slam-0.0.0-py3.10.egg-info
[4.404s] running install_scripts
[4.425s] writing list of installed files to '/home/kazim/construct_ws/build/cartographer_slam/install.log'
[4.509s] Invoked command in '/home/kazim/construct_ws/src/cartographer_slam' returned '0': PYTHONPATH=/home/kazim/construct_ws/build/cartographer_slam/prefix_override:/home/kazim/construct_ws/install/cartographer_slam/lib/python3.10/site-packages:${PYTHONPATH} /usr/bin/python3 setup.py egg_info --egg-base ../../build/cartographer_slam build --build-base /home/kazim/construct_ws/build/cartographer_slam/build install --record /home/kazim/construct_ws/build/cartographer_slam/install.log --single-version-externally-managed
