-- The C compiler identification is GNU 11.4.0
-- The CXX compiler identification is GNU 11.4.0
-- Detecting C compiler ABI info
-- Detecting C compiler ABI info - done
-- Check for working C compiler: /usr/bin/cc - skipped
-- Detecting C compile features
-- Detecting C compile features - done
-- Detecting CXX compiler ABI info
-- Detecting CXX compiler ABI info - done
-- Check for working CXX compiler: /usr/bin/c++ - skipped
-- Detecting CXX compile features
-- Detecting CXX compile features - done
-- Found ament_cmake: 1.3.5 (/opt/ros/humble/share/ament_cmake/cmake)
-- Found Python3: /usr/bin/python3.10 (found version "3.10.12") found components: Interpreter 
-- Found nav2_common: 1.1.12 (/home/kazim/construct_ws/install/nav2_common/share/nav2_common/cmake)
-- Found nav2_msgs: 1.1.12 (/home/kazim/construct_ws/install/nav2_msgs/share/nav2_msgs/cmake)
-- Found rosidl_generator_c: 3.1.5 (/opt/ros/humble/share/rosidl_generator_c/cmake)
-- Found rosidl_adapter: 3.1.5 (/opt/ros/humble/share/rosidl_adapter/cmake)
-- Found rosidl_generator_cpp: 3.1.5 (/opt/ros/humble/share/rosidl_generator_cpp/cmake)
-- Using all available rosidl_typesupport_c: rosidl_typesupport_fastrtps_c;rosidl_typesupport_introspection_c
-- Using all available rosidl_typesupport_cpp: rosidl_typesupport_fastrtps_cpp;rosidl_typesupport_introspection_cpp
-- Found tf2_ros: 0.25.4 (/opt/ros/humble/share/tf2_ros/cmake)
-- Found rmw_implementation_cmake: 6.1.1 (/opt/ros/humble/share/rmw_implementation_cmake/cmake)
-- Found rmw_cyclonedds_cpp: 1.3.4 (/opt/ros/humble/share/rmw_cyclonedds_cpp/cmake)
-- Using RMW implementation 'rmw_cyclonedds_cpp' as default
-- Performing Test CMAKE_HAVE_LIBC_PTHREAD
-- Performing Test CMAKE_HAVE_LIBC_PTHREAD - Success
-- Found Threads: TRUE  
-- Found tf2_geometry_msgs: 0.25.4 (/opt/ros/humble/share/tf2_geometry_msgs/cmake)
-- Found eigen3_cmake_module: 0.1.1 (/opt/ros/humble/share/eigen3_cmake_module/cmake)
-- Found Eigen3: TRUE (found version "3.4.0") 
-- Ensuring Eigen3 include directory is part of orocos-kdl CMake target
-- Found lifecycle_msgs: 1.2.1 (/opt/ros/humble/share/lifecycle_msgs/cmake)
-- Found rclcpp_lifecycle: 16.0.6 (/opt/ros/humble/share/rclcpp_lifecycle/cmake)
-- Found bondcpp: 3.0.2 (/opt/ros/humble/share/bondcpp/cmake)
-- Setting build type to Release as none was specified.
-- Found Boost: /usr/lib/x86_64-linux-gnu/cmake/Boost-1.74.0/BoostConfig.cmake (found version "1.74.0") found components: program_options 
-- Found ament_lint_auto: 0.12.8 (/opt/ros/humble/share/ament_lint_auto/cmake)
-- Found ament_cmake_pytest: 1.3.5 (/opt/ros/humble/share/ament_cmake_pytest/cmake)
-- Found launch_testing_ament_cmake: 1.0.4 (/opt/ros/humble/share/launch_testing_ament_cmake/cmake)
-- Found python_cmake_module: 0.10.0 (/opt/ros/humble/share/python_cmake_module/cmake)
-- Found PythonInterp: /usr/bin/python3 (found suitable version "3.10.12", minimum required is "3.6") 
-- Found PythonLibs: /usr/lib/x86_64-linux-gnu/libpython3.10.so (found suitable version "3.10.12", minimum required is "3.5") 
-- Using PYTHON_EXECUTABLE: /usr/bin/python3
-- Using PYTHON_INCLUDE_DIRS: /usr/include/python3.10
-- Using PYTHON_LIBRARIES: /usr/lib/x86_64-linux-gnu/libpython3.10.so
-- Found PythonExtra: .so  
-- Found gtest sources under '/opt/ros/humble/src/gtest_vendor': C++ tests using 'Google Test' will be built
-- Added test 'copyright' to check source files copyright and LICENSE
-- Added test 'cppcheck' to perform static code analysis on C / C++ code
-- Configured cppcheck include dirs: /home/kazim/construct_ws/src/navigation2/nav2_util/include
-- Configured cppcheck exclude dirs and/or files: 
-- Added test 'cpplint' to check C / C++ code against the Google style
-- Configured cpplint exclude dirs and/or files: 
-- Added test 'lint_cmake' to check CMake code style
-- Added test 'uncrustify' to check C / C++ code style
-- Configured uncrustify additional arguments: 
-- Added test 'xmllint' to check XML markup files
-- Configuring done (2.1s)
-- Generating done (0.1s)
-- Build files have been written to: /home/kazim/construct_ws/build/nav2_util
[  2%] [32mBuilding CXX object gtest/CMakeFiles/gtest_main.dir/src/gtest_main.cc.o[0m
[  7%] [32mBuilding CXX object gtest/CMakeFiles/gtest.dir/src/gtest-all.cc.o[0m
[  7%] [32mBuilding CXX object src/CMakeFiles/nav2_util_core.dir/costmap.cpp.o[0m
[ 10%] [32mBuilding CXX object src/CMakeFiles/nav2_util_core.dir/node_utils.cpp.o[0m
[ 15%] [32mBuilding CXX object src/CMakeFiles/nav2_util_core.dir/lifecycle_service_client.cpp.o[0m
[ 15%] [32mBuilding CXX object src/CMakeFiles/nav2_util_core.dir/string_utils.cpp.o[0m
[ 21%] [32mBuilding CXX object src/CMakeFiles/nav2_util_core.dir/robot_utils.cpp.o[0m
[ 21%] [32mBuilding CXX object src/CMakeFiles/nav2_util_core.dir/lifecycle_utils.cpp.o[0m
[ 23%] [32mBuilding CXX object src/CMakeFiles/nav2_util_core.dir/lifecycle_node.cpp.o[0m
[ 28%] [32mBuilding CXX object src/CMakeFiles/nav2_util_core.dir/node_thread.cpp.o[0m
[ 28%] [32mBuilding CXX object src/CMakeFiles/nav2_util_core.dir/odometry_utils.cpp.o[0m
[ 31%] [32m[1mLinking CXX static library libgtest_main.a[0m
[ 31%] Built target gtest_main
[ 34%] [32m[1mLinking CXX static library libgtest.a[0m
[ 34%] Built target gtest
[ 36%] [32mBuilding CXX object test/CMakeFiles/test_execution_timer.dir/test_execution_timer.cpp.o[0m
[ 39%] [32m[1mLinking CXX executable test_execution_timer[0m
[ 39%] Built target test_execution_timer
[ 42%] [32m[1mLinking CXX shared library libnav2_util_core.so[0m
[ 42%] Built target nav2_util_core
[ 47%] [32mBuilding CXX object test/CMakeFiles/test_node_utils.dir/test_node_utils.cpp.o[0m
[ 47%] [32mBuilding CXX object test/CMakeFiles/test_service_client.dir/test_service_client.cpp.o[0m
[ 50%] [32mBuilding CXX object src/CMakeFiles/lifecycle_bringup.dir/lifecycle_bringup_commandline.cpp.o[0m
[ 52%] [32mBuilding CXX object test/CMakeFiles/test_string_utils.dir/test_string_utils.cpp.o[0m
[ 57%] [32mBuilding CXX object test/CMakeFiles/test_lifecycle_utils.dir/test_lifecycle_utils.cpp.o[0m
[ 57%] [32mBuilding CXX object test/CMakeFiles/test_lifecycle_node.dir/test_lifecycle_node.cpp.o[0m
[ 63%] [32mBuilding CXX object test/CMakeFiles/test_lifecycle_cli_node.dir/test_lifecycle_cli_node.cpp.o[0m
[ 63%] [32mBuilding CXX object test/CMakeFiles/test_actions.dir/test_actions.cpp.o[0m
[ 68%] [32mBuilding CXX object test/CMakeFiles/test_robot_utils.dir/test_robot_utils.cpp.o[0m
[ 68%] [32mBuilding CXX object test/CMakeFiles/test_odometry_utils.dir/test_odometry_utils.cpp.o[0m
[ 71%] [32mBuilding CXX object test/CMakeFiles/test_geometry_utils.dir/test_geometry_utils.cpp.o[0m
[ 73%] [32m[1mLinking CXX executable test_string_utils[0m
[ 73%] Built target test_string_utils
[ 76%] [32m[1mLinking CXX executable lifecycle_bringup[0m
[ 76%] Built target lifecycle_bringup
[ 78%] [32m[1mLinking CXX executable test_lifecycle_cli_node[0m
[ 78%] Built target test_lifecycle_cli_node
[ 81%] [32m[1mLinking CXX executable test_lifecycle_utils[0m
[ 81%] Built target test_lifecycle_utils
[ 84%] [32m[1mLinking CXX executable test_geometry_utils[0m
[ 84%] Built target test_geometry_utils
[ 86%] [32m[1mLinking CXX executable test_node_utils[0m
[ 86%] Built target test_node_utils
[ 89%] [32m[1mLinking CXX executable test_robot_utils[0m
[ 92%] [32m[1mLinking CXX executable test_lifecycle_node[0m
[ 92%] Built target test_robot_utils
[ 92%] Built target test_lifecycle_node
[ 94%] [32m[1mLinking CXX executable test_odometry_utils[0m
[ 94%] Built target test_odometry_utils
[ 97%] [32m[1mLinking CXX executable test_service_client[0m
[ 97%] Built target test_service_client
[100%] [32m[1mLinking CXX executable test_actions[0m
[100%] Built target test_actions
-- Install configuration: "Release"
-- Installing: /home/kazim/construct_ws/install/nav2_util/include/
-- Installing: /home/kazim/construct_ws/install/nav2_util/include//nav2_util
-- Installing: /home/kazim/construct_ws/install/nav2_util/include//nav2_util/simple_action_server.hpp
-- Installing: /home/kazim/construct_ws/install/nav2_util/include//nav2_util/odometry_utils.hpp
-- Installing: /home/kazim/construct_ws/install/nav2_util/include//nav2_util/line_iterator.hpp
-- Installing: /home/kazim/construct_ws/install/nav2_util/include//nav2_util/clear_entirely_costmap_service_client.hpp
-- Installing: /home/kazim/construct_ws/install/nav2_util/include//nav2_util/geometry_utils.hpp
-- Installing: /home/kazim/construct_ws/install/nav2_util/include//nav2_util/costmap.hpp
-- Installing: /home/kazim/construct_ws/install/nav2_util/include//nav2_util/occ_grid_values.hpp
-- Installing: /home/kazim/construct_ws/install/nav2_util/include//nav2_util/lifecycle_service_client.hpp
-- Installing: /home/kazim/construct_ws/install/nav2_util/include//nav2_util/execution_timer.hpp
-- Installing: /home/kazim/construct_ws/install/nav2_util/include//nav2_util/robot_utils.hpp
-- Installing: /home/kazim/construct_ws/install/nav2_util/include//nav2_util/lifecycle_node.hpp
-- Installing: /home/kazim/construct_ws/install/nav2_util/include//nav2_util/lifecycle_utils.hpp
-- Installing: /home/kazim/construct_ws/install/nav2_util/include//nav2_util/service_client.hpp
-- Installing: /home/kazim/construct_ws/install/nav2_util/include//nav2_util/string_utils.hpp
-- Installing: /home/kazim/construct_ws/install/nav2_util/include//nav2_util/node_thread.hpp
-- Installing: /home/kazim/construct_ws/install/nav2_util/include//nav2_util/node_utils.hpp
-- Installing: /home/kazim/construct_ws/install/nav2_util/share/nav2_util/environment/library_path.sh
-- Installing: /home/kazim/construct_ws/install/nav2_util/share/nav2_util/environment/library_path.dsv
-- Installing: /home/kazim/construct_ws/install/nav2_util/share/ament_index/resource_index/package_run_dependencies/nav2_util
-- Installing: /home/kazim/construct_ws/install/nav2_util/share/ament_index/resource_index/parent_prefix_path/nav2_util
-- Installing: /home/kazim/construct_ws/install/nav2_util/share/nav2_util/environment/ament_prefix_path.sh
-- Installing: /home/kazim/construct_ws/install/nav2_util/share/nav2_util/environment/ament_prefix_path.dsv
-- Installing: /home/kazim/construct_ws/install/nav2_util/share/nav2_util/environment/path.sh
-- Installing: /home/kazim/construct_ws/install/nav2_util/share/nav2_util/environment/path.dsv
-- Installing: /home/kazim/construct_ws/install/nav2_util/share/nav2_util/local_setup.bash
-- Installing: /home/kazim/construct_ws/install/nav2_util/share/nav2_util/local_setup.sh
-- Installing: /home/kazim/construct_ws/install/nav2_util/share/nav2_util/local_setup.zsh
-- Installing: /home/kazim/construct_ws/install/nav2_util/share/nav2_util/local_setup.dsv
-- Installing: /home/kazim/construct_ws/install/nav2_util/share/nav2_util/package.dsv
-- Installing: /home/kazim/construct_ws/install/nav2_util/share/ament_index/resource_index/packages/nav2_util
-- Installing: /home/kazim/construct_ws/install/nav2_util/share/nav2_util/cmake/ament_cmake_export_include_directories-extras.cmake
-- Installing: /home/kazim/construct_ws/install/nav2_util/share/nav2_util/cmake/ament_cmake_export_libraries-extras.cmake
-- Installing: /home/kazim/construct_ws/install/nav2_util/share/nav2_util/cmake/ament_cmake_export_dependencies-extras.cmake
-- Installing: /home/kazim/construct_ws/install/nav2_util/share/nav2_util/cmake/nav2_utilConfig.cmake
-- Installing: /home/kazim/construct_ws/install/nav2_util/share/nav2_util/cmake/nav2_utilConfig-version.cmake
-- Installing: /home/kazim/construct_ws/install/nav2_util/share/nav2_util/package.xml
-- Installing: /home/kazim/construct_ws/install/nav2_util/lib/libnav2_util_core.so
-- Set runtime path of "/home/kazim/construct_ws/install/nav2_util/lib/libnav2_util_core.so" to ""
-- Installing: /home/kazim/construct_ws/install/nav2_util/lib/nav2_util/lifecycle_bringup
-- Set runtime path of "/home/kazim/construct_ws/install/nav2_util/lib/nav2_util/lifecycle_bringup" to ""
