[4.940s] Invoking command in '/home/kazim/construct_ws/src/map_server': PYTHONPATH=/home/kazim/construct_ws/build/map_server/prefix_override:/home/kazim/construct_ws/install/map_server/lib/python3.10/site-packages:${PYTHONPATH} /usr/bin/python3 setup.py egg_info --egg-base ../../build/map_server build --build-base /home/kazim/construct_ws/build/map_server/build install --record /home/kazim/construct_ws/build/map_server/install.log --single-version-externally-managed
[5.345s] running egg_info
[5.347s] writing ../../build/map_server/map_server.egg-info/PKG-INFO
[5.353s] writing dependency_links to ../../build/map_server/map_server.egg-info/dependency_links.txt
[5.353s] writing entry points to ../../build/map_server/map_server.egg-info/entry_points.txt
[5.353s] writing requirements to ../../build/map_server/map_server.egg-info/requires.txt
[5.353s] writing top-level names to ../../build/map_server/map_server.egg-info/top_level.txt
[5.359s] reading manifest file '../../build/map_server/map_server.egg-info/SOURCES.txt'
[5.360s] writing manifest file '../../build/map_server/map_server.egg-info/SOURCES.txt'
[5.361s] running build
[5.361s] running build_py
[5.361s] running install
[5.362s] running install_lib
[5.365s] running install_data
[5.367s] running install_egg_info
[5.372s] removing '/home/kazim/construct_ws/install/map_server/lib/python3.10/site-packages/map_server-0.0.0-py3.10.egg-info' (and everything under it)
[5.372s] Copying ../../build/map_server/map_server.egg-info to /home/kazim/construct_ws/install/map_server/lib/python3.10/site-packages/map_server-0.0.0-py3.10.egg-info
[5.373s] running install_scripts
[5.411s] writing list of installed files to '/home/kazim/construct_ws/build/map_server/install.log'
[5.687s] Invoked command in '/home/kazim/construct_ws/src/map_server' returned '0': PYTHONPATH=/home/kazim/construct_ws/build/map_server/prefix_override:/home/kazim/construct_ws/install/map_server/lib/python3.10/site-packages:${PYTHONPATH} /usr/bin/python3 setup.py egg_info --egg-base ../../build/map_server build --build-base /home/kazim/construct_ws/build/map_server/build install --record /home/kazim/construct_ws/build/map_server/install.log --single-version-externally-managed
