[4.937s] Invoking command in '/home/kazim/construct_ws/src/localization_server': PYTHONPATH=/home/kazim/construct_ws/build/localization_server/prefix_override:/home/kazim/construct_ws/install/localization_server/lib/python3.10/site-packages:${PYTHONPATH} /usr/bin/python3 setup.py egg_info --egg-base ../../build/localization_server build --build-base /home/kazim/construct_ws/build/localization_server/build install --record /home/kazim/construct_ws/build/localization_server/install.log --single-version-externally-managed
[5.324s] running egg_info
[5.325s] writing ../../build/localization_server/localization_server.egg-info/PKG-INFO
[5.326s] writing dependency_links to ../../build/localization_server/localization_server.egg-info/dependency_links.txt
[5.326s] writing entry points to ../../build/localization_server/localization_server.egg-info/entry_points.txt
[5.326s] writing requirements to ../../build/localization_server/localization_server.egg-info/requires.txt
[5.326s] writing top-level names to ../../build/localization_server/localization_server.egg-info/top_level.txt
[5.329s] reading manifest file '../../build/localization_server/localization_server.egg-info/SOURCES.txt'
[5.330s] writing manifest file '../../build/localization_server/localization_server.egg-info/SOURCES.txt'
[5.330s] running build
[5.331s] running build_py
[5.331s] running install
[5.332s] running install_lib
[5.334s] running install_data
[5.336s] running install_egg_info
[5.339s] removing '/home/kazim/construct_ws/install/localization_server/lib/python3.10/site-packages/localization_server-0.0.0-py3.10.egg-info' (and everything under it)
[5.340s] Copying ../../build/localization_server/localization_server.egg-info to /home/kazim/construct_ws/install/localization_server/lib/python3.10/site-packages/localization_server-0.0.0-py3.10.egg-info
[5.341s] running install_scripts
[5.370s] Installing initial_pose_pub script to /home/kazim/construct_ws/install/localization_server/lib/localization_server
[5.370s] writing list of installed files to '/home/kazim/construct_ws/build/localization_server/install.log'
[5.606s] Invoked command in '/home/kazim/construct_ws/src/localization_server' returned '0': PYTHONPATH=/home/kazim/construct_ws/build/localization_server/prefix_override:/home/kazim/construct_ws/install/localization_server/lib/python3.10/site-packages:${PYTHONPATH} /usr/bin/python3 setup.py egg_info --egg-base ../../build/localization_server build --build-base /home/kazim/construct_ws/build/localization_server/build install --record /home/kazim/construct_ws/build/localization_server/install.log --single-version-externally-managed
