/home/kazim/construct_ws/install/localization_server/lib/python3.10/site-packages/localization_server/__init__.py
/home/kazim/construct_ws/install/localization_server/lib/python3.10/site-packages/localization_server/initial_pose_pub.py
/home/kazim/construct_ws/install/localization_server/lib/python3.10/site-packages/localization_server/__pycache__/__init__.cpython-310.pyc
/home/kazim/construct_ws/install/localization_server/lib/python3.10/site-packages/localization_server/__pycache__/initial_pose_pub.cpython-310.pyc
/home/kazim/construct_ws/install/localization_server/share/ament_index/resource_index/packages/localization_server
/home/kazim/construct_ws/install/localization_server/share/localization_server/package.xml
/home/kazim/construct_ws/install/localization_server/share/localization_server/launch/localization.launch.py
/home/kazim/construct_ws/install/localization_server/share/localization_server/launch/multi_localization.launch.py
/home/kazim/construct_ws/install/localization_server/share/localization_server/launch/init_robot.launch.py
/home/kazim/construct_ws/install/localization_server/share/localization_server/config/amcl_config_initialized.yaml
/home/kazim/construct_ws/install/localization_server/share/localization_server/config/amcl_config.yaml
/home/kazim/construct_ws/install/localization_server/share/localization_server/config/tb3_1_amcl_config.yaml
/home/kazim/construct_ws/install/localization_server/share/localization_server/config/tb3_0_amcl_config.yaml
/home/kazim/construct_ws/install/localization_server/lib/python3.10/site-packages/localization_server-0.0.0-py3.10.egg-info/zip-safe
/home/kazim/construct_ws/install/localization_server/lib/python3.10/site-packages/localization_server-0.0.0-py3.10.egg-info/top_level.txt
/home/kazim/construct_ws/install/localization_server/lib/python3.10/site-packages/localization_server-0.0.0-py3.10.egg-info/PKG-INFO
/home/kazim/construct_ws/install/localization_server/lib/python3.10/site-packages/localization_server-0.0.0-py3.10.egg-info/requires.txt
/home/kazim/construct_ws/install/localization_server/lib/python3.10/site-packages/localization_server-0.0.0-py3.10.egg-info/SOURCES.txt
/home/kazim/construct_ws/install/localization_server/lib/python3.10/site-packages/localization_server-0.0.0-py3.10.egg-info/entry_points.txt
/home/kazim/construct_ws/install/localization_server/lib/python3.10/site-packages/localization_server-0.0.0-py3.10.egg-info/dependency_links.txt
/home/kazim/construct_ws/install/localization_server/lib/localization_server/initial_pose_pub
