[2.698s] Invoking command in '/home/kazim/construct_ws/src/path_planner_server': PYTHONPATH=/home/kazim/construct_ws/build/path_planner_server/prefix_override:/home/kazim/construct_ws/install/path_planner_server/lib/python3.10/site-packages:${PYTHONPATH} /usr/bin/python3 setup.py egg_info --egg-base ../../build/path_planner_server build --build-base /home/kazim/construct_ws/build/path_planner_server/build install --record /home/kazim/construct_ws/build/path_planner_server/install.log --single-version-externally-managed
[2.952s] running egg_info
[2.952s] writing ../../build/path_planner_server/path_planner_server.egg-info/PKG-INFO
[2.952s] writing dependency_links to ../../build/path_planner_server/path_planner_server.egg-info/dependency_links.txt
[2.952s] writing entry points to ../../build/path_planner_server/path_planner_server.egg-info/entry_points.txt
[2.952s] writing requirements to ../../build/path_planner_server/path_planner_server.egg-info/requires.txt
[2.953s] writing top-level names to ../../build/path_planner_server/path_planner_server.egg-info/top_level.txt
[2.954s] reading manifest file '../../build/path_planner_server/path_planner_server.egg-info/SOURCES.txt'
[2.954s] writing manifest file '../../build/path_planner_server/path_planner_server.egg-info/SOURCES.txt'
[2.955s] running build
[2.955s] running build_py
[2.955s] running install
[2.955s] running install_lib
[2.956s] running install_data
[2.956s] running install_egg_info
[2.958s] removing '/home/kazim/construct_ws/install/path_planner_server/lib/python3.10/site-packages/path_planner_server-0.0.0-py3.10.egg-info' (and everything under it)
[2.958s] Copying ../../build/path_planner_server/path_planner_server.egg-info to /home/kazim/construct_ws/install/path_planner_server/lib/python3.10/site-packages/path_planner_server-0.0.0-py3.10.egg-info
[2.958s] running install_scripts
[2.974s] writing list of installed files to '/home/kazim/construct_ws/build/path_planner_server/install.log'
[3.202s] Invoked command in '/home/kazim/construct_ws/src/path_planner_server' returned '0': PYTHONPATH=/home/kazim/construct_ws/build/path_planner_server/prefix_override:/home/kazim/construct_ws/install/path_planner_server/lib/python3.10/site-packages:${PYTHONPATH} /usr/bin/python3 setup.py egg_info --egg-base ../../build/path_planner_server build --build-base /home/kazim/construct_ws/build/path_planner_server/build install --record /home/kazim/construct_ws/build/path_planner_server/install.log --single-version-externally-managed
