[3.780s] Invoking command in '/home/kazim/construct_ws/src/localization_server': PYTHONPATH=/home/kazim/construct_ws/build/localization_server/prefix_override:/home/kazim/construct_ws/install/localization_server/lib/python3.10/site-packages:${PYTHONPATH} /usr/bin/python3 setup.py egg_info --egg-base ../../build/localization_server build --build-base /home/kazim/construct_ws/build/localization_server/build install --record /home/kazim/construct_ws/build/localization_server/install.log --single-version-externally-managed
[4.147s] running egg_info
[4.148s] writing ../../build/localization_server/localization_server.egg-info/PKG-INFO
[4.149s] writing dependency_links to ../../build/localization_server/localization_server.egg-info/dependency_links.txt
[4.149s] writing entry points to ../../build/localization_server/localization_server.egg-info/entry_points.txt
[4.149s] writing requirements to ../../build/localization_server/localization_server.egg-info/requires.txt
[4.149s] writing top-level names to ../../build/localization_server/localization_server.egg-info/top_level.txt
[4.154s] reading manifest file '../../build/localization_server/localization_server.egg-info/SOURCES.txt'
[4.155s] writing manifest file '../../build/localization_server/localization_server.egg-info/SOURCES.txt'
[4.155s] running build
[4.155s] running build_py
[4.156s] running install
[4.156s] running install_lib
[4.158s] running install_data
[4.160s] running install_egg_info
[4.164s] removing '/home/kazim/construct_ws/install/localization_server/lib/python3.10/site-packages/localization_server-0.0.0-py3.10.egg-info' (and everything under it)
[4.164s] Copying ../../build/localization_server/localization_server.egg-info to /home/kazim/construct_ws/install/localization_server/lib/python3.10/site-packages/localization_server-0.0.0-py3.10.egg-info
[4.166s] running install_scripts
[4.206s] Installing initial_pose_pub script to /home/kazim/construct_ws/install/localization_server/lib/localization_server
[4.207s] writing list of installed files to '/home/kazim/construct_ws/build/localization_server/install.log'
[4.528s] Invoked command in '/home/kazim/construct_ws/src/localization_server' returned '0': PYTHONPATH=/home/kazim/construct_ws/build/localization_server/prefix_override:/home/kazim/construct_ws/install/localization_server/lib/python3.10/site-packages:${PYTHONPATH} /usr/bin/python3 setup.py egg_info --egg-base ../../build/localization_server build --build-base /home/kazim/construct_ws/build/localization_server/build install --record /home/kazim/construct_ws/build/localization_server/install.log --single-version-externally-managed
