[4.538s] Invoking command in '/home/kazim/construct_ws/src/ros2_nav_files/nav2_project': PYTHONPATH=/home/kazim/construct_ws/build/nav2_project/prefix_override:/home/kazim/construct_ws/install/nav2_project/lib/python3.10/site-packages:${PYTHONPATH} /usr/bin/python3 setup.py egg_info --egg-base ../../../build/nav2_project build --build-base /home/kazim/construct_ws/build/nav2_project/build install --record /home/kazim/construct_ws/build/nav2_project/install.log --single-version-externally-managed
[4.983s] running egg_info
[4.986s] writing ../../../build/nav2_project/nav2_project.egg-info/PKG-INFO
[4.986s] writing dependency_links to ../../../build/nav2_project/nav2_project.egg-info/dependency_links.txt
[4.986s] writing entry points to ../../../build/nav2_project/nav2_project.egg-info/entry_points.txt
[4.986s] writing requirements to ../../../build/nav2_project/nav2_project.egg-info/requires.txt
[4.986s] writing top-level names to ../../../build/nav2_project/nav2_project.egg-info/top_level.txt
[4.993s] reading manifest file '../../../build/nav2_project/nav2_project.egg-info/SOURCES.txt'
[4.995s] writing manifest file '../../../build/nav2_project/nav2_project.egg-info/SOURCES.txt'
[4.995s] running build
[4.995s] running build_py
[4.996s] running install
[4.997s] running install_lib
[5.000s] running install_data
[5.002s] running install_egg_info
[5.006s] removing '/home/kazim/construct_ws/install/nav2_project/lib/python3.10/site-packages/nav2_project-0.0.0-py3.10.egg-info' (and everything under it)
[5.006s] Copying ../../../build/nav2_project/nav2_project.egg-info to /home/kazim/construct_ws/install/nav2_project/lib/python3.10/site-packages/nav2_project-0.0.0-py3.10.egg-info
[5.007s] running install_scripts
[5.051s] Installing go_to_pose script to /home/kazim/construct_ws/install/nav2_project/lib/nav2_project
[5.051s] Installing spot_recorder script to /home/kazim/construct_ws/install/nav2_project/lib/nav2_project
[5.052s] writing list of installed files to '/home/kazim/construct_ws/build/nav2_project/install.log'
[5.388s] Invoked command in '/home/kazim/construct_ws/src/ros2_nav_files/nav2_project' returned '0': PYTHONPATH=/home/kazim/construct_ws/build/nav2_project/prefix_override:/home/kazim/construct_ws/install/nav2_project/lib/python3.10/site-packages:${PYTHONPATH} /usr/bin/python3 setup.py egg_info --egg-base ../../../build/nav2_project build --build-base /home/kazim/construct_ws/build/nav2_project/build install --record /home/kazim/construct_ws/build/nav2_project/install.log --single-version-externally-managed
