[3.896s] Invoking command in '/home/kazim/construct_ws/src/path_planner_server': PYTHONPATH=/home/kazim/construct_ws/build/path_planner_server/prefix_override:/home/kazim/construct_ws/install/path_planner_server/lib/python3.10/site-packages:${PYTHONPATH} /usr/bin/python3 setup.py egg_info --egg-base ../../build/path_planner_server build --build-base /home/kazim/construct_ws/build/path_planner_server/build install --record /home/kazim/construct_ws/build/path_planner_server/install.log --single-version-externally-managed
[4.301s] running egg_info
[4.303s] writing ../../build/path_planner_server/path_planner_server.egg-info/PKG-INFO
[4.303s] writing dependency_links to ../../build/path_planner_server/path_planner_server.egg-info/dependency_links.txt
[4.303s] writing entry points to ../../build/path_planner_server/path_planner_server.egg-info/entry_points.txt
[4.303s] writing requirements to ../../build/path_planner_server/path_planner_server.egg-info/requires.txt
[4.303s] writing top-level names to ../../build/path_planner_server/path_planner_server.egg-info/top_level.txt
[4.307s] reading manifest file '../../build/path_planner_server/path_planner_server.egg-info/SOURCES.txt'
[4.308s] writing manifest file '../../build/path_planner_server/path_planner_server.egg-info/SOURCES.txt'
[4.308s] running build
[4.308s] running build_py
[4.308s] running install
[4.309s] running install_lib
[4.311s] running install_data
[4.312s] running install_egg_info
[4.315s] removing '/home/kazim/construct_ws/install/path_planner_server/lib/python3.10/site-packages/path_planner_server-0.0.0-py3.10.egg-info' (and everything under it)
[4.315s] Copying ../../build/path_planner_server/path_planner_server.egg-info to /home/kazim/construct_ws/install/path_planner_server/lib/python3.10/site-packages/path_planner_server-0.0.0-py3.10.egg-info
[4.316s] running install_scripts
[4.369s] writing list of installed files to '/home/kazim/construct_ws/build/path_planner_server/install.log'
[4.772s] Invoked command in '/home/kazim/construct_ws/src/path_planner_server' returned '0': PYTHONPATH=/home/kazim/construct_ws/build/path_planner_server/prefix_override:/home/kazim/construct_ws/install/path_planner_server/lib/python3.10/site-packages:${PYTHONPATH} /usr/bin/python3 setup.py egg_info --egg-base ../../build/path_planner_server build --build-base /home/kazim/construct_ws/build/path_planner_server/build install --record /home/kazim/construct_ws/build/path_planner_server/install.log --single-version-externally-managed
