[2.357s] Invoking command in '/home/kazim/construct_ws/src/localization_server': PYTHONPATH=/home/kazim/construct_ws/build/localization_server/prefix_override:/home/kazim/construct_ws/install/localization_server/lib/python3.10/site-packages:${PYTHONPATH} /usr/bin/python3 setup.py egg_info --egg-base ../../build/localization_server build --build-base /home/kazim/construct_ws/build/localization_server/build install --record /home/kazim/construct_ws/build/localization_server/install.log --single-version-externally-managed
[2.584s] running egg_info
[2.584s] writing ../../build/localization_server/localization_server.egg-info/PKG-INFO
[2.585s] writing dependency_links to ../../build/localization_server/localization_server.egg-info/dependency_links.txt
[2.585s] writing entry points to ../../build/localization_server/localization_server.egg-info/entry_points.txt
[2.585s] writing requirements to ../../build/localization_server/localization_server.egg-info/requires.txt
[2.585s] writing top-level names to ../../build/localization_server/localization_server.egg-info/top_level.txt
[2.586s] reading manifest file '../../build/localization_server/localization_server.egg-info/SOURCES.txt'
[2.587s] writing manifest file '../../build/localization_server/localization_server.egg-info/SOURCES.txt'
[2.587s] running build
[2.587s] running build_py
[2.588s] running install
[2.588s] running install_lib
[2.589s] running install_data
[2.590s] running install_egg_info
[2.591s] removing '/home/kazim/construct_ws/install/localization_server/lib/python3.10/site-packages/localization_server-0.0.0-py3.10.egg-info' (and everything under it)
[2.591s] Copying ../../build/localization_server/localization_server.egg-info to /home/kazim/construct_ws/install/localization_server/lib/python3.10/site-packages/localization_server-0.0.0-py3.10.egg-info
[2.591s] running install_scripts
[2.605s] Installing initial_pose_pub script to /home/kazim/construct_ws/install/localization_server/lib/localization_server
[2.606s] writing list of installed files to '/home/kazim/construct_ws/build/localization_server/install.log'
[2.847s] Invoked command in '/home/kazim/construct_ws/src/localization_server' returned '0': PYTHONPATH=/home/kazim/construct_ws/build/localization_server/prefix_override:/home/kazim/construct_ws/install/localization_server/lib/python3.10/site-packages:${PYTHONPATH} /usr/bin/python3 setup.py egg_info --egg-base ../../build/localization_server build --build-base /home/kazim/construct_ws/build/localization_server/build install --record /home/kazim/construct_ws/build/localization_server/install.log --single-version-externally-managed
