[3.668s] Invoking command in '/home/kazim/construct_ws/src/my_package': PYTHONPATH=/home/kazim/construct_ws/build/my_package/prefix_override:/home/kazim/construct_ws/install/my_package/lib/python3.10/site-packages:${PYTHONPATH} /usr/bin/python3 setup.py egg_info --egg-base ../../build/my_package build --build-base /home/kazim/construct_ws/build/my_package/build install --record /home/kazim/construct_ws/build/my_package/install.log --single-version-externally-managed
[4.040s] running egg_info
[4.042s] writing ../../build/my_package/my_package.egg-info/PKG-INFO
[4.042s] writing dependency_links to ../../build/my_package/my_package.egg-info/dependency_links.txt
[4.042s] writing entry points to ../../build/my_package/my_package.egg-info/entry_points.txt
[4.042s] writing requirements to ../../build/my_package/my_package.egg-info/requires.txt
[4.042s] writing top-level names to ../../build/my_package/my_package.egg-info/top_level.txt
[4.045s] reading manifest file '../../build/my_package/my_package.egg-info/SOURCES.txt'
[4.046s] writing manifest file '../../build/my_package/my_package.egg-info/SOURCES.txt'
[4.046s] running build
[4.046s] running build_py
[4.046s] running install
[4.047s] running install_lib
[4.048s] running install_data
[4.049s] running install_egg_info
[4.051s] removing '/home/kazim/construct_ws/install/my_package/lib/python3.10/site-packages/my_package-0.0.0-py3.10.egg-info' (and everything under it)
[4.052s] Copying ../../build/my_package/my_package.egg-info to /home/kazim/construct_ws/install/my_package/lib/python3.10/site-packages/my_package-0.0.0-py3.10.egg-info
[4.053s] running install_scripts
[4.084s] writing list of installed files to '/home/kazim/construct_ws/build/my_package/install.log'
[4.239s] Invoked command in '/home/kazim/construct_ws/src/my_package' returned '0': PYTHONPATH=/home/kazim/construct_ws/build/my_package/prefix_override:/home/kazim/construct_ws/install/my_package/lib/python3.10/site-packages:${PYTHONPATH} /usr/bin/python3 setup.py egg_info --egg-base ../../build/my_package build --build-base /home/kazim/construct_ws/build/my_package/build install --record /home/kazim/construct_ws/build/my_package/install.log --single-version-externally-managed
