[4.805s] Invoking command in '/home/kazim/construct_ws/src/my_package': PYTHONPATH=/home/kazim/construct_ws/build/my_package/prefix_override:/home/kazim/construct_ws/install/my_package/lib/python3.10/site-packages:${PYTHONPATH} /usr/bin/python3 setup.py egg_info --egg-base ../../build/my_package build --build-base /home/kazim/construct_ws/build/my_package/build install --record /home/kazim/construct_ws/build/my_package/install.log --single-version-externally-managed
[5.217s] running egg_info
[5.219s] writing ../../build/my_package/my_package.egg-info/PKG-INFO
[5.219s] writing dependency_links to ../../build/my_package/my_package.egg-info/dependency_links.txt
[5.219s] writing entry points to ../../build/my_package/my_package.egg-info/entry_points.txt
[5.219s] writing requirements to ../../build/my_package/my_package.egg-info/requires.txt
[5.219s] writing top-level names to ../../build/my_package/my_package.egg-info/top_level.txt
[5.223s] reading manifest file '../../build/my_package/my_package.egg-info/SOURCES.txt'
[5.224s] writing manifest file '../../build/my_package/my_package.egg-info/SOURCES.txt'
[5.224s] running build
[5.225s] running build_py
[5.225s] running install
[5.226s] running install_lib
[5.228s] running install_data
[5.229s] running install_egg_info
[5.232s] removing '/home/kazim/construct_ws/install/my_package/lib/python3.10/site-packages/my_package-0.0.0-py3.10.egg-info' (and everything under it)
[5.233s] Copying ../../build/my_package/my_package.egg-info to /home/kazim/construct_ws/install/my_package/lib/python3.10/site-packages/my_package-0.0.0-py3.10.egg-info
[5.234s] running install_scripts
[5.270s] writing list of installed files to '/home/kazim/construct_ws/build/my_package/install.log'
[5.454s] Invoked command in '/home/kazim/construct_ws/src/my_package' returned '0': PYTHONPATH=/home/kazim/construct_ws/build/my_package/prefix_override:/home/kazim/construct_ws/install/my_package/lib/python3.10/site-packages:${PYTHONPATH} /usr/bin/python3 setup.py egg_info --egg-base ../../build/my_package build --build-base /home/kazim/construct_ws/build/my_package/build install --record /home/kazim/construct_ws/build/my_package/install.log --single-version-externally-managed
