[2.275s] Invoking command in '/home/kazim/construct_ws/src/map_server': PYTHONPATH=/home/kazim/construct_ws/build/map_server/prefix_override:/home/kazim/construct_ws/install/map_server/lib/python3.10/site-packages:${PYTHONPATH} /usr/bin/python3 setup.py egg_info --egg-base ../../build/map_server build --build-base /home/kazim/construct_ws/build/map_server/build install --record /home/kazim/construct_ws/build/map_server/install.log --single-version-externally-managed
[2.502s] running egg_info
[2.503s] writing ../../build/map_server/map_server.egg-info/PKG-INFO
[2.506s] writing dependency_links to ../../build/map_server/map_server.egg-info/dependency_links.txt
[2.506s] writing entry points to ../../build/map_server/map_server.egg-info/entry_points.txt
[2.506s] writing requirements to ../../build/map_server/map_server.egg-info/requires.txt
[2.506s] writing top-level names to ../../build/map_server/map_server.egg-info/top_level.txt
[2.507s] reading manifest file '../../build/map_server/map_server.egg-info/SOURCES.txt'
[2.508s] writing manifest file '../../build/map_server/map_server.egg-info/SOURCES.txt'
[2.508s] running build
[2.508s] running build_py
[2.509s] running install
[2.509s] running install_lib
[2.510s] running install_data
[2.510s] running install_egg_info
[2.512s] removing '/home/kazim/construct_ws/install/map_server/lib/python3.10/site-packages/map_server-0.0.0-py3.10.egg-info' (and everything under it)
[2.512s] Copying ../../build/map_server/map_server.egg-info to /home/kazim/construct_ws/install/map_server/lib/python3.10/site-packages/map_server-0.0.0-py3.10.egg-info
[2.512s] running install_scripts
[2.527s] writing list of installed files to '/home/kazim/construct_ws/build/map_server/install.log'
[2.669s] Invoked command in '/home/kazim/construct_ws/src/map_server' returned '0': PYTHONPATH=/home/kazim/construct_ws/build/map_server/prefix_override:/home/kazim/construct_ws/install/map_server/lib/python3.10/site-packages:${PYTHONPATH} /usr/bin/python3 setup.py egg_info --egg-base ../../build/map_server build --build-base /home/kazim/construct_ws/build/map_server/build install --record /home/kazim/construct_ws/build/map_server/install.log --single-version-externally-managed
