[4.571s] Invoking command in '/home/kazim/construct_ws/src/cartographer_slam': PYTHONPATH=/home/kazim/construct_ws/build/cartographer_slam/prefix_override:/home/kazim/construct_ws/install/cartographer_slam/lib/python3.10/site-packages:${PYTHONPATH} /usr/bin/python3 setup.py egg_info --egg-base ../../build/cartographer_slam build --build-base /home/kazim/construct_ws/build/cartographer_slam/build install --record /home/kazim/construct_ws/build/cartographer_slam/install.log --single-version-externally-managed
[4.960s] running egg_info
[4.962s] writing ../../build/cartographer_slam/cartographer_slam.egg-info/PKG-INFO
[4.963s] writing dependency_links to ../../build/cartographer_slam/cartographer_slam.egg-info/dependency_links.txt
[4.963s] writing entry points to ../../build/cartographer_slam/cartographer_slam.egg-info/entry_points.txt
[4.963s] writing requirements to ../../build/cartographer_slam/cartographer_slam.egg-info/requires.txt
[4.963s] writing top-level names to ../../build/cartographer_slam/cartographer_slam.egg-info/top_level.txt
[4.966s] reading manifest file '../../build/cartographer_slam/cartographer_slam.egg-info/SOURCES.txt'
[4.967s] writing manifest file '../../build/cartographer_slam/cartographer_slam.egg-info/SOURCES.txt'
[4.967s] running build
[4.967s] running build_py
[4.968s] running install
[4.968s] running install_lib
[4.971s] running install_data
[4.972s] running install_egg_info
[4.974s] removing '/home/kazim/construct_ws/install/cartographer_slam/lib/python3.10/site-packages/cartographer_slam-0.0.0-py3.10.egg-info' (and everything under it)
[4.974s] Copying ../../build/cartographer_slam/cartographer_slam.egg-info to /home/kazim/construct_ws/install/cartographer_slam/lib/python3.10/site-packages/cartographer_slam-0.0.0-py3.10.egg-info
[4.975s] running install_scripts
[5.014s] writing list of installed files to '/home/kazim/construct_ws/build/cartographer_slam/install.log'
[5.396s] Invoked command in '/home/kazim/construct_ws/src/cartographer_slam' returned '0': PYTHONPATH=/home/kazim/construct_ws/build/cartographer_slam/prefix_override:/home/kazim/construct_ws/install/cartographer_slam/lib/python3.10/site-packages:${PYTHONPATH} /usr/bin/python3 setup.py egg_info --egg-base ../../build/cartographer_slam build --build-base /home/kazim/construct_ws/build/cartographer_slam/build install --record /home/kazim/construct_ws/build/cartographer_slam/install.log --single-version-externally-managed
